
> resonote@0.2.3 build /root/src/github.com/ikuradon/Resonote
> vite build

vite v8.0.10 building ssr environment for production...
[2Ktransforming...✓ 496 modules transformed.
rendering chunks...
vite v8.0.10 building client environment for production...
[2Ktransforming...✓ 732 modules transformed.
rendering chunks...
computing gzip size...
.svelte-kit/output/client/_app/version.json                                    0.02 kB │ gzip:     0.04 kB
.svelte-kit/output/client/.vite/manifest.json                                 26.93 kB │ gzip:     3.44 kB
.svelte-kit/output/client/_app/immutable/assets/2.JxycGxol.css                 0.12 kB │ gzip:     0.11 kB
.svelte-kit/output/client/_app/immutable/assets/CommentList.DakuRawD.css       0.42 kB │ gzip:     0.22 kB
.svelte-kit/output/client/_app/immutable/assets/0.CEuH_L51.css                56.58 kB │ gzip:    10.42 kB
.svelte-kit/output/client/_app/immutable/chunks/BUyNpcft2.js                   0.02 kB │ gzip:     0.04 kB
.svelte-kit/output/client/_app/immutable/chunks/BYCZG07T.js                    0.02 kB │ gzip:     0.04 kB
.svelte-kit/output/client/_app/immutable/chunks/BzqQZ-MT.js                    0.02 kB │ gzip:     0.04 kB
.svelte-kit/output/client/_app/immutable/chunks/Ce5EyrUc2.js                   0.02 kB │ gzip:     0.04 kB
.svelte-kit/output/client/_app/immutable/chunks/BMRk7WTg.js                    0.06 kB │ gzip:     0.08 kB
.svelte-kit/output/client/_app/immutable/chunks/B_tEJzcR.js                    0.07 kB │ gzip:     0.09 kB
.svelte-kit/output/client/_app/immutable/entry/start.DZn8l5TY.js               0.08 kB │ gzip:     0.09 kB
.svelte-kit/output/client/_app/immutable/chunks/DCIr_q-j.js                    0.10 kB │ gzip:     0.10 kB
.svelte-kit/output/client/_app/immutable/chunks/B4801b4b.js                    0.11 kB │ gzip:     0.10 kB
.svelte-kit/output/client/_app/immutable/chunks/2LwI_ibP2.js                   0.12 kB │ gzip:     0.11 kB
.svelte-kit/output/client/_app/immutable/chunks/CHlxhpkh2.js                   0.12 kB │ gzip:     0.13 kB
.svelte-kit/output/client/_app/immutable/chunks/Cj7RgR1_2.js                   0.13 kB │ gzip:     0.12 kB
.svelte-kit/output/client/_app/immutable/chunks/BhHyult0.js                    0.19 kB │ gzip:     0.16 kB
.svelte-kit/output/client/_app/immutable/chunks/Bj7hKFYf2.js                   0.22 kB │ gzip:     0.17 kB
.svelte-kit/output/client/_app/immutable/chunks/BblOcIHj.js                    0.24 kB │ gzip:     0.20 kB
.svelte-kit/output/client/_app/immutable/chunks/Bnwef9O9.js                    0.28 kB │ gzip:     0.22 kB
.svelte-kit/output/client/_app/immutable/chunks/BPW4olI1.js                    0.34 kB │ gzip:     0.24 kB
.svelte-kit/output/client/_app/immutable/chunks/Dtou4FT4.js                    0.35 kB │ gzip:     0.23 kB
.svelte-kit/output/client/_app/immutable/nodes/7.DZg2wy2M.js                   0.36 kB │ gzip:     0.26 kB
.svelte-kit/output/client/_app/immutable/nodes/1.WaC7Ds9i.js                   0.37 kB │ gzip:     0.27 kB
.svelte-kit/output/client/_app/immutable/chunks/DZjStArY.js                    0.38 kB │ gzip:     0.23 kB
.svelte-kit/output/client/_app/immutable/chunks/CjSlEh0R.js                    0.39 kB │ gzip:     0.28 kB
.svelte-kit/output/client/_app/immutable/chunks/B6TqAb-K.js                    0.40 kB │ gzip:     0.23 kB
.svelte-kit/output/client/_app/immutable/chunks/BHyDN-sT.js                    0.43 kB │ gzip:     0.24 kB
.svelte-kit/output/client/_app/immutable/chunks/C5bNvcw3.js                    0.53 kB │ gzip:     0.32 kB
.svelte-kit/output/client/_app/immutable/chunks/DnalTGZ5.js                    0.57 kB │ gzip:     0.33 kB
.svelte-kit/output/client/_app/immutable/chunks/XxII0uRx2.js                   0.57 kB │ gzip:     0.36 kB
.svelte-kit/output/client/_app/immutable/chunks/HvPouA9M.js                    0.66 kB │ gzip:     0.38 kB
.svelte-kit/output/client/_app/immutable/chunks/CsTE1Hud2.js                   0.66 kB │ gzip:     0.34 kB
.svelte-kit/output/client/_app/immutable/chunks/OLlYytvQ.js                    0.67 kB │ gzip:     0.41 kB
.svelte-kit/output/client/_app/immutable/chunks/DGWPmcxT.js                    0.69 kB │ gzip:     0.42 kB
.svelte-kit/output/client/_app/immutable/chunks/WIQi3XbX.js                    0.70 kB │ gzip:     0.38 kB
.svelte-kit/output/client/_app/immutable/chunks/C98hRi6z.js                    0.73 kB │ gzip:     0.35 kB
.svelte-kit/output/client/_app/immutable/chunks/DBKD2sBu.js                    0.74 kB │ gzip:     0.51 kB
.svelte-kit/output/client/_app/immutable/chunks/CmXUyEv62.js                   0.76 kB │ gzip:     0.33 kB
.svelte-kit/output/client/_app/immutable/chunks/CoSAyJ5O2.js                   0.84 kB │ gzip:     0.54 kB
.svelte-kit/output/client/_app/immutable/chunks/BzW-QGul2.js                   0.92 kB │ gzip:     0.49 kB
.svelte-kit/output/client/_app/immutable/chunks/D8X8EYCi2.js                   1.09 kB │ gzip:     0.42 kB
.svelte-kit/output/client/_app/immutable/chunks/Cuf_Jure.js                    1.18 kB │ gzip:     0.71 kB
.svelte-kit/output/client/_app/immutable/chunks/Bm593DLv.js                    1.20 kB │ gzip:     0.68 kB
.svelte-kit/output/client/_app/immutable/chunks/DkWaJ-72.js                    1.32 kB │ gzip:     0.58 kB
.svelte-kit/output/client/_app/immutable/chunks/CxQf8Rhb2.js                   1.42 kB │ gzip:     0.58 kB
.svelte-kit/output/client/_app/immutable/chunks/L2IlbUPq.js                    1.61 kB │ gzip:     0.74 kB
.svelte-kit/output/client/_app/immutable/chunks/B7UanNVH2.js                   1.85 kB │ gzip:     0.78 kB
.svelte-kit/output/client/_app/immutable/chunks/D3lc8rDt.js                    2.02 kB │ gzip:     1.03 kB
.svelte-kit/output/client/_app/immutable/chunks/BWuvbCEM.js                    2.06 kB │ gzip:     0.86 kB
.svelte-kit/output/client/_app/immutable/chunks/BM5RxKcK2.js                   2.14 kB │ gzip:     1.02 kB
.svelte-kit/output/client/_app/immutable/nodes/9.C38TRcOn.js                   2.30 kB │ gzip:     1.10 kB
.svelte-kit/output/client/_app/immutable/chunks/BT9t52yk.js                    2.38 kB │ gzip:     0.93 kB
.svelte-kit/output/client/_app/immutable/chunks/D-b6F-Ou2.js                   2.43 kB │ gzip:     1.25 kB
.svelte-kit/output/client/_app/immutable/chunks/BPoPBDaC2.js                   2.44 kB │ gzip:     1.00 kB
.svelte-kit/output/client/_app/immutable/chunks/D-IspvVJ2.js                   2.51 kB │ gzip:     1.03 kB
.svelte-kit/output/client/_app/immutable/chunks/CeFAnbl42.js                   2.83 kB │ gzip:     1.47 kB
.svelte-kit/output/client/_app/immutable/chunks/DlLMKei0.js                    2.90 kB │ gzip:     1.30 kB
.svelte-kit/output/client/_app/immutable/chunks/akBMiZUO.js                    2.90 kB │ gzip:     1.62 kB
.svelte-kit/output/client/_app/immutable/chunks/BgM-NJvG2.js                   3.02 kB │ gzip:     1.34 kB
.svelte-kit/output/client/_app/immutable/chunks/DkWCLmq0.js                    3.03 kB │ gzip:     1.33 kB
.svelte-kit/output/client/_app/immutable/chunks/CAT2ndVg.js                    3.06 kB │ gzip:     1.67 kB
.svelte-kit/output/client/_app/immutable/chunks/CngIeinx.js                    3.13 kB │ gzip:     1.36 kB
.svelte-kit/output/client/_app/immutable/nodes/3.BSNauQ4L.js                   3.20 kB │ gzip:     1.41 kB
.svelte-kit/output/client/_app/immutable/chunks/CQeii6qq.js                    3.25 kB │ gzip:     1.79 kB
.svelte-kit/output/client/_app/immutable/chunks/Y-XRfoIO.js                    3.31 kB │ gzip:     1.88 kB
.svelte-kit/output/client/_app/immutable/chunks/BZsNGVrA.js                    3.42 kB │ gzip:     1.93 kB
.svelte-kit/output/client/_app/immutable/chunks/iCndfRiE.js                    3.87 kB │ gzip:     1.98 kB
.svelte-kit/output/client/_app/immutable/chunks/C-7d2bsh.js                    4.18 kB │ gzip:     2.14 kB
.svelte-kit/output/client/_app/immutable/nodes/5.BqwVVBvY.js                   4.38 kB │ gzip:     1.75 kB
.svelte-kit/output/client/_app/immutable/chunks/6VzNEXNE.js                    4.45 kB │ gzip:     2.34 kB
.svelte-kit/output/client/_app/immutable/chunks/hVbNtSvH2.js                   4.50 kB │ gzip:     1.93 kB
.svelte-kit/output/client/_app/immutable/nodes/6.CnbujfSi.js                   5.43 kB │ gzip:     2.10 kB
.svelte-kit/output/client/_app/immutable/chunks/BogZZYrP.js                    5.76 kB │ gzip:     2.44 kB
.svelte-kit/output/client/_app/immutable/entry/app.9k-a-qls.js                 5.78 kB │ gzip:     2.22 kB
.svelte-kit/output/client/_app/immutable/nodes/2.DHPS7fVN.js                   5.80 kB │ gzip:     2.79 kB
.svelte-kit/output/client/_app/immutable/chunks/CC_YWlG6.js                    6.01 kB │ gzip:     2.16 kB
.svelte-kit/output/client/_app/immutable/nodes/11.OYWG-DCd.js                 10.41 kB │ gzip:     4.02 kB
.svelte-kit/output/client/_app/immutable/chunks/BAK87so7.js                   11.16 kB │ gzip:     2.80 kB
.svelte-kit/output/client/_app/immutable/nodes/8.C5rg6pHc.js                  12.01 kB │ gzip:     4.05 kB
.svelte-kit/output/client/_app/immutable/nodes/0.BXjKsUtH.js                  26.60 kB │ gzip:     7.46 kB
.svelte-kit/output/client/_app/immutable/chunks/DjNPE2Bi.js                   27.46 kB │ gzip:    10.74 kB
.svelte-kit/output/client/_app/immutable/nodes/10.Dvyh0Hhg.js                 32.93 kB │ gzip:     9.17 kB
.svelte-kit/output/client/_app/immutable/nodes/4.DcAvGpzU.js                  40.32 kB │ gzip:    12.21 kB
.svelte-kit/output/client/_app/immutable/chunks/zzMXxzyO.js                   49.79 kB │ gzip:    19.12 kB
.svelte-kit/output/client/_app/immutable/chunks/BuvcjBZA.js                   83.52 kB │ gzip:    30.60 kB
.svelte-kit/output/client/_app/immutable/chunks/DI3HDaE12.js                  91.37 kB │ gzip:    26.15 kB
.svelte-kit/output/client/_app/immutable/chunks/u8N1__-1.js                  178.75 kB │ gzip:    35.93 kB
.svelte-kit/output/client/_app/immutable/chunks/aHdmr3OA.js                  230.18 kB │ gzip:    69.37 kB
.svelte-kit/output/client/_app/immutable/chunks/D8-IpYWZ.js                  494.79 kB │ gzip:    98.96 kB
.svelte-kit/output/client/_app/immutable/chunks/BQtVwQai.js                  603.86 kB │ gzip:   173.64 kB
.svelte-kit/output/client/_app/immutable/chunks/DvG7vwBP.js               10,102.01 kB │ gzip: 1,202.50 kB

[plugin builtin:vite-reporter] 
(!) Some chunks are larger than 1000 kB after minification. Consider:
- Using dynamic import() to code-split the application
- Use build.rolldownOptions.output.codeSplitting to improve chunking: https://rolldown.rs/reference/OutputOptions.codeSplitting
- Adjust chunk size limit for this warning via build.chunkSizeWarningLimit.
[33m[EVAL] Warning:[0m Use of direct `eval` function is strongly discouraged as it poses security risks and may cause issues with minification.
 - Use of direct `eval` here. in node_modules/.pnpm/@konemono+nostr-login@1.15.2_typescript@6.0.3/node_modules/@konemono/nostr-login/dist/index.esm.js at 239524..239528
 [38;5;240m │[0m 
 [38;5;240m │[0m [38;5;115mHelp[0m: Consider using indirect eval. For more information, check the documentation: https://rolldown.rs/guide/troubleshooting#avoiding-direct-eval

[33m[EVAL] Warning:[0m Use of direct `eval` function is strongly discouraged as it poses security risks and may cause issues with minification.
 - Use of direct `eval` here. in node_modules/.pnpm/@konemono+nostr-login@1.15.2_typescript@6.0.3/node_modules/@konemono/nostr-login/dist/index.esm.js at 240687..240691
 [38;5;240m │[0m 
 [38;5;240m │[0m [38;5;115mHelp[0m: Consider using indirect eval. For more information, check the documentation: https://rolldown.rs/guide/troubleshooting#avoiding-direct-eval

[33m[EVAL] Warning:[0m Use of direct `eval` function is strongly discouraged as it poses security risks and may cause issues with minification.
 - Use of direct `eval` here. in node_modules/.pnpm/@konemono+nostr-login@1.15.2_typescript@6.0.3/node_modules/@konemono/nostr-login/dist/index.esm.js at 241553..241557
 [38;5;240m │[0m 
 [38;5;240m │[0m [38;5;115mHelp[0m: Consider using indirect eval. For more information, check the documentation: https://rolldown.rs/guide/troubleshooting#avoiding-direct-eval

[33m[PLUGIN_TIMINGS] Warning:[0m Your build spent significant time in plugins. Here is a breakdown:
  - vite-plugin-sveltekit-guard (83%)
  - vite-plugin-sveltekit-virtual-modules (6%)
See https://rolldown.rs/options/checks#plugintimings for more details.

✓ built in 3.29s
vite v8.0.10 building client environment for production...
[2Ktransforming...✓ 3 modules transformed.
rendering chunks...
computing gzip size...
.svelte-kit/output/client/service-worker.js  1.47 kB │ gzip: 0.55 kB

✓ built in 26ms
computing gzip size...
.svelte-kit/output/server/.vite/manifest.json                                    24.14 kB │ gzip:  2.83 kB
.svelte-kit/output/server/_app/immutable/assets/_page.JxycGxol.css                0.12 kB │ gzip:  0.11 kB
.svelte-kit/output/server/_app/immutable/assets/CommentList.DakuRawD.css          0.42 kB │ gzip:  0.22 kB
.svelte-kit/output/server/_app/immutable/assets/_layout.By3Ipwc6.css             55.92 kB │ gzip: 10.40 kB
.svelte-kit/output/server/chunks/navigation.js                                    0.03 kB │ gzip:  0.05 kB
.svelte-kit/output/server/chunks/nip19-decode.js                                  0.03 kB │ gzip:  0.05 kB
.svelte-kit/output/server/chunks/relays2.js                                       0.03 kB │ gzip:  0.05 kB
.svelte-kit/output/server/chunks/mute.js                                          0.03 kB │ gzip:  0.05 kB
.svelte-kit/output/server/chunks/profile2.js                                      0.04 kB │ gzip:  0.05 kB
.svelte-kit/output/server/chunks/bookmarks.js                                     0.04 kB │ gzip:  0.06 kB
.svelte-kit/output/server/chunks/extension.js                                     0.04 kB │ gzip:  0.06 kB
.svelte-kit/output/server/chunks/player.js                                        0.04 kB │ gzip:  0.06 kB
.svelte-kit/output/server/chunks/relays.js                                        0.10 kB │ gzip:  0.09 kB
.svelte-kit/output/server/entries/pages/_layout.ts.js                             0.11 kB │ gzip:  0.10 kB
.svelte-kit/output/server/entries/pages/playbook/_page.ts.js                      0.14 kB │ gzip:  0.14 kB
.svelte-kit/output/server/entries/pages/test/test/test/_page.ts.js                0.15 kB │ gzip:  0.13 kB
.svelte-kit/output/server/chunks/resonote2.js                                     0.15 kB │ gzip:  0.12 kB
.svelte-kit/output/server/entries/pages/playbook/_page.svelte.js                  0.27 kB │ gzip:  0.20 kB
.svelte-kit/output/server/chunks/resolution.js                                    0.28 kB │ gzip:  0.18 kB
.svelte-kit/output/server/chunks/emoji-sets.js                                    0.34 kB │ gzip:  0.24 kB
.svelte-kit/output/server/internal.js                                             0.40 kB │ gzip:  0.20 kB
.svelte-kit/output/server/chunks/url.js                                           0.40 kB │ gzip:  0.27 kB
.svelte-kit/output/server/chunks/profile.js                                       0.50 kB │ gzip:  0.20 kB
.svelte-kit/output/server/entries/fallbacks/error.svelte.js                       0.55 kB │ gzip:  0.35 kB
.svelte-kit/output/server/chunks/stores.js                                        0.59 kB │ gzip:  0.22 kB
.svelte-kit/output/server/chunks/nostr-login-gateway.js                           0.59 kB │ gzip:  0.28 kB
.svelte-kit/output/server/chunks/mute-actions.js                                  0.61 kB │ gzip:  0.36 kB
.svelte-kit/output/server/chunks/wot-fetcher.js                                   0.66 kB │ gzip:  0.40 kB
.svelte-kit/output/server/chunks/follow-model.js                                  0.68 kB │ gzip:  0.38 kB
.svelte-kit/output/server/chunks/logger.js                                        0.82 kB │ gzip:  0.41 kB
.svelte-kit/output/server/chunks/vimeo.js                                         0.92 kB │ gzip:  0.45 kB
.svelte-kit/output/server/chunks/relay-actions.js                                 0.95 kB │ gzip:  0.51 kB
.svelte-kit/output/server/chunks/toast.js                                         1.07 kB │ gzip:  0.50 kB
.svelte-kit/output/server/chunks/mixcloud.js                                      1.11 kB │ gzip:  0.55 kB
.svelte-kit/output/server/chunks/SpreakerEmbed.js                                 1.16 kB │ gzip:  0.62 kB
.svelte-kit/output/server/chunks/UserAvatar.js                                    1.17 kB │ gzip:  0.63 kB
.svelte-kit/output/server/chunks/emoji-sets.svelte.js                             1.23 kB │ gzip:  0.53 kB
.svelte-kit/output/server/chunks/WaveformLoader.js                                1.23 kB │ gzip:  0.68 kB
.svelte-kit/output/server/chunks/EmbedLoading.js                                  1.24 kB │ gzip:  0.65 kB
.svelte-kit/output/server/chunks/PodbeanEmbed.js                                  1.26 kB │ gzip:  0.64 kB
.svelte-kit/output/server/chunks/YouTubeEmbed.js                                  1.35 kB │ gzip:  0.72 kB
.svelte-kit/output/server/chunks/auth.js                                          1.40 kB │ gzip:  0.55 kB
.svelte-kit/output/server/chunks/chunk.js                                         1.40 kB │ gzip:  0.66 kB
.svelte-kit/output/server/chunks/MixcloudEmbed.js                                 1.45 kB │ gzip:  0.76 kB
.svelte-kit/output/server/chunks/environment.js                                   1.45 kB │ gzip:  0.64 kB
.svelte-kit/output/server/chunks/auth.svelte.js                                   1.49 kB │ gzip:  0.62 kB
.svelte-kit/output/server/chunks/SpotifyEmbed.js                                  1.56 kB │ gzip:  0.87 kB
.svelte-kit/output/server/chunks/types.js                                         1.57 kB │ gzip:  0.61 kB
.svelte-kit/output/server/chunks/bookmark-actions.js                              1.68 kB │ gzip:  0.64 kB
.svelte-kit/output/server/chunks/ConfirmDialog.js                                 1.69 kB │ gzip:  0.83 kB
.svelte-kit/output/server/chunks/relays-config.js                                 1.72 kB │ gzip:  0.69 kB
.svelte-kit/output/server/chunks/relays.svelte.js                                 1.72 kB │ gzip:  0.67 kB
.svelte-kit/output/server/chunks/SoundCloudEmbed.js                               1.74 kB │ gzip:  0.84 kB
.svelte-kit/output/server/chunks/NiconicoEmbed.js                                 1.79 kB │ gzip:  0.93 kB
.svelte-kit/output/server/chunks/VimeoEmbed.js                                    1.86 kB │ gzip:  1.02 kB
.svelte-kit/output/server/chunks/relay-model.js                                   1.99 kB │ gzip:  0.75 kB
.svelte-kit/output/server/chunks/bookmarks.svelte.js                              2.15 kB │ gzip:  0.75 kB
.svelte-kit/output/server/chunks/media-query.js                                   2.17 kB │ gzip:  0.99 kB
.svelte-kit/output/server/chunks/extension.svelte.js                              2.31 kB │ gzip:  0.91 kB
.svelte-kit/output/server/chunks/init-session.js                                  2.32 kB │ gzip:  1.00 kB
.svelte-kit/output/server/entries/pages/resolve/_id_/_page.svelte.js              2.41 kB │ gzip:  0.89 kB
.svelte-kit/output/server/entries/pages/_nip19_/_page.svelte.js                   2.73 kB │ gzip:  1.06 kB
.svelte-kit/output/server/chunks/html.js                                          3.01 kB │ gzip:  1.25 kB
.svelte-kit/output/server/chunks/relays3.js                                       3.36 kB │ gzip:  1.11 kB
.svelte-kit/output/server/chunks/state.js                                         3.42 kB │ gzip:  1.30 kB
.svelte-kit/output/server/chunks/helpers.js                                       3.61 kB │ gzip:  1.38 kB
.svelte-kit/output/server/chunks/nip05.js                                         3.93 kB │ gzip:  1.57 kB
.svelte-kit/output/server/chunks/index-server.js                                  4.37 kB │ gzip:  1.57 kB
.svelte-kit/output/server/entries/pages/bookmarks/_page.svelte.js                 5.02 kB │ gzip:  1.45 kB
.svelte-kit/output/server/chunks/notifications.js                                 5.75 kB │ gzip:  1.88 kB
.svelte-kit/output/server/chunks/profile.svelte.js                                5.96 kB │ gzip:  1.90 kB
.svelte-kit/output/server/chunks/content-parser.js                                6.05 kB │ gzip:  2.09 kB
.svelte-kit/output/server/chunks/events.js                                        6.07 kB │ gzip:  1.75 kB
.svelte-kit/output/server/entries/pages/test/test/test/_page.svelte.js            6.63 kB │ gzip:  2.14 kB
.svelte-kit/output/server/entries/pages/notifications/_page.svelte.js             6.79 kB │ gzip:  1.84 kB
.svelte-kit/output/server/entries/pages/_page.svelte.js                           7.16 kB │ gzip:  2.82 kB
.svelte-kit/output/server/chunks/mute.svelte.js                                   9.47 kB │ gzip:  2.48 kB
.svelte-kit/output/server/chunks/exports.js                                      12.22 kB │ gzip:  3.62 kB
.svelte-kit/output/server/entries/pages/profile/_id_/_page.svelte.js             14.01 kB │ gzip:  3.30 kB
.svelte-kit/output/server/chunks/registry.js                                     18.91 kB │ gzip:  3.82 kB
.svelte-kit/output/server/chunks/shared.js                                       25.55 kB │ gzip:  7.00 kB
.svelte-kit/output/server/chunks/internal.js                                     26.91 kB │ gzip:  8.36 kB
.svelte-kit/output/server/entries/pages/_layout.svelte.js                        28.56 kB │ gzip:  5.85 kB
.svelte-kit/output/server/chunks/utils.js                                        29.93 kB │ gzip:  8.61 kB
.svelte-kit/output/server/entries/pages/_platform_/_type_/_id_/_page.svelte.js   31.82 kB │ gzip:  6.82 kB
.svelte-kit/output/server/entries/pages/settings/_page.svelte.js                 34.46 kB │ gzip:  6.79 kB
.svelte-kit/output/server/remote-entry.js                                        36.48 kB │ gzip:  8.24 kB
.svelte-kit/output/server/entries/hooks.server.js                                40.30 kB │ gzip: 11.39 kB
.svelte-kit/output/server/chunks/client.js                                       47.02 kB │ gzip: 13.86 kB
.svelte-kit/output/server/chunks/CommentList.js                                 101.99 kB │ gzip: 21.02 kB
.svelte-kit/output/server/index.js                                              136.06 kB │ gzip: 34.75 kB
.svelte-kit/output/server/chunks/dev.js                                         137.07 kB │ gzip: 35.68 kB
.svelte-kit/output/server/chunks/src.js                                         185.81 kB │ gzip: 53.88 kB
.svelte-kit/output/server/chunks/t.js                                           193.86 kB │ gzip: 37.36 kB
.svelte-kit/output/server/chunks/resonote.js                                    346.67 kB │ gzip: 81.45 kB

[33m[PLUGIN_TIMINGS] Warning:[0m Your build spent significant time in plugins. Here is a breakdown:
  - vite-plugin-sveltekit-guard (79%)
  - vite-plugin-sveltekit-virtual-modules (11%)
See https://rolldown.rs/options/checks#plugintimings for more details.

✓ built in 8.91s

Run npm run preview to preview your production build locally.

> Using @sveltejs/adapter-cloudflare
  ✔ done
