
=== evidence_start ===
executed_at_utc: 2026-05-05T14:05:52Z
command: pnpm add -w hono@4.12.17 zod@4.4.3 @konemono/nostr-login@1.15.7 @scure/base@2.2.0
Progress: resolved 1, reused 0, downloaded 0, added 0
 WARN  GET https://registry.npmjs.org/@rx-nostr%2Fcrypto error (EAI_AGAIN). Will retry in 10 seconds. 2 retries left.
 WARN  GET https://registry.npmjs.org/nostr-tools error (EAI_AGAIN). Will retry in 10 seconds. 2 retries left.
 WARN  GET https://registry.npmjs.org/rx-nostr error (EAI_AGAIN). Will retry in 10 seconds. 2 retries left.
 WARN  GET https://registry.npmjs.org/tseep error (EAI_AGAIN). Will retry in 10 seconds. 2 retries left.
 WARN  GET https://registry.npmjs.org/zod error (EAI_AGAIN). Will retry in 10 seconds. 2 retries left.
Progress: resolved 352, reused 0, downloaded 0, added 0
Progress: resolved 395, reused 0, downloaded 0, added 0
 WARN  GET https://registry.npmjs.org/@rx-nostr%2Fcrypto error (EAI_AGAIN). Will retry in 1 minute. 1 retries left.
 WARN  GET https://registry.npmjs.org/nostr-tools error (EAI_AGAIN). Will retry in 1 minute. 1 retries left.
 WARN  GET https://registry.npmjs.org/rx-nostr error (EAI_AGAIN). Will retry in 1 minute. 1 retries left.
 WARN  GET https://registry.npmjs.org/tseep error (EAI_AGAIN). Will retry in 1 minute. 1 retries left.
 WARN  GET https://registry.npmjs.org/zod error (EAI_AGAIN). Will retry in 1 minute. 1 retries left.
 ERR_PNPM_META_FETCH_FAIL  GET https://registry.npmjs.org/tseep: request to https://registry.npmjs.org/tseep failed, reason: getaddrinfo EAI_AGAIN registry.npmjs.org
Progress: resolved 396, reused 0, downloaded 0, added 0
 ERR_PNPM_META_FETCH_FAIL  GET https://registry.npmjs.org/@rx-nostr%2Fcrypto: request to https://registry.npmjs.org/@rx-nostr%2Fcrypto failed, reason: getaddrinfo EAI_AGAIN registry.npmjs.org
 ERR_PNPM_META_FETCH_FAIL  GET https://registry.npmjs.org/nostr-tools: request to https://registry.npmjs.org/nostr-tools failed, reason: getaddrinfo EAI_AGAIN registry.npmjs.org
 ERR_PNPM_META_FETCH_FAIL  GET https://registry.npmjs.org/rx-nostr: request to https://registry.npmjs.org/rx-nostr failed, reason: getaddrinfo EAI_AGAIN registry.npmjs.org
 WARN  GET https://registry.npmjs.org/@scure%2Fbase error (EAI_AGAIN). Will retry in 10 seconds. 2 retries left.
 WARN  GET https://registry.npmjs.org/@noble%2Fcurves error (EAI_AGAIN). Will retry in 10 seconds. 2 retries left.
 WARN  GET https://registry.npmjs.org/@noble%2Fhashes error (EAI_AGAIN). Will retry in 10 seconds. 2 retries left.
 WARN  GET https://registry.npmjs.org/nostr-typedef error (EAI_AGAIN). Will retry in 10 seconds. 2 retries left.
 WARN  GET https://registry.npmjs.org/rxjs error (EAI_AGAIN). Will retry in 10 seconds. 2 retries left.
 ERR_PNPM_META_FETCH_FAIL  GET https://registry.npmjs.org/zod: request to https://registry.npmjs.org/zod failed, reason: getaddrinfo EAI_AGAIN registry.npmjs.org
Progress: resolved 429, reused 0, downloaded 0, added 0
 WARN  GET https://registry.npmjs.org/@scure%2Fbase error (EAI_AGAIN). Will retry in 1 minute. 1 retries left.
 WARN  GET https://registry.npmjs.org/@noble%2Fcurves error (EAI_AGAIN). Will retry in 1 minute. 1 retries left.
 WARN  GET https://registry.npmjs.org/@noble%2Fhashes error (EAI_AGAIN). Will retry in 1 minute. 1 retries left.
 WARN  GET https://registry.npmjs.org/nostr-typedef error (EAI_AGAIN). Will retry in 1 minute. 1 retries left.
 WARN  GET https://registry.npmjs.org/rxjs error (EAI_AGAIN). Will retry in 1 minute. 1 retries left.
 ERR_PNPM_META_FETCH_FAIL  GET https://registry.npmjs.org/@noble%2Fcurves: request to https://registry.npmjs.org/@noble%2Fcurves failed, reason: getaddrinfo EAI_AGAIN registry.npmjs.org
Progress: resolved 430, reused 0, downloaded 0, added 0
 ERR_PNPM_META_FETCH_FAIL  GET https://registry.npmjs.org/@scure%2Fbase: request to https://registry.npmjs.org/@scure%2Fbase failed, reason: getaddrinfo EAI_AGAIN registry.npmjs.org
 ERR_PNPM_META_FETCH_FAIL  GET https://registry.npmjs.org/nostr-typedef: request to https://registry.npmjs.org/nostr-typedef failed, reason: getaddrinfo EAI_AGAIN registry.npmjs.org
 ERR_PNPM_META_FETCH_FAIL  GET https://registry.npmjs.org/@noble%2Fhashes: request to https://registry.npmjs.org/@noble%2Fhashes failed, reason: getaddrinfo EAI_AGAIN registry.npmjs.org
 ERR_PNPM_META_FETCH_FAIL  GET https://registry.npmjs.org/rxjs: request to https://registry.npmjs.org/rxjs failed, reason: getaddrinfo EAI_AGAIN registry.npmjs.org
 ERR_PNPM_META_FETCH_FAIL  GET https://registry.npmjs.org/nostr-typedef: request to https://registry.npmjs.org/nostr-typedef failed, reason: getaddrinfo EAI_AGAIN registry.npmjs.org
Progress: resolved 433, reused 0, downloaded 0, added 0, done
 WARN  Issues with peer dependencies found
.
└─┬ @codecov/vite-plugin 2.0.1
  └── ✕ unmet peer vite@"4.x || 5.x || 6.x": found 8.0.10

Packages: +5 -4
+++++----
 WARN  GET https://registry.npmjs.org/hono/-/hono-4.12.17.tgz error (EAI_AGAIN). Will retry in 10 seconds. 2 retries left.
 WARN  GET https://registry.npmjs.org/zod/-/zod-4.4.3.tgz error (EAI_AGAIN). Will retry in 10 seconds. 2 retries left.
 WARN  GET https://registry.npmjs.org/@konemono/nostr-login/-/nostr-login-1.15.7.tgz error (EAI_AGAIN). Will retry in 10 seconds. 2 retries left.
 WARN  GET https://registry.npmjs.org/@scure/base/-/base-2.2.0.tgz error (EAI_AGAIN). Will retry in 10 seconds. 2 retries left.
 WARN  GET https://registry.npmjs.org/hono/-/hono-4.12.17.tgz error (EAI_AGAIN). Will retry in 1 minute. 1 retries left.
 WARN  GET https://registry.npmjs.org/zod/-/zod-4.4.3.tgz error (EAI_AGAIN). Will retry in 1 minute. 1 retries left.
 WARN  GET https://registry.npmjs.org/@konemono/nostr-login/-/nostr-login-1.15.7.tgz error (EAI_AGAIN). Will retry in 1 minute. 1 retries left.
 WARN  GET https://registry.npmjs.org/@scure/base/-/base-2.2.0.tgz error (EAI_AGAIN). Will retry in 1 minute. 1 retries left.
 EAI_AGAIN  request to https://registry.npmjs.org/hono/-/hono-4.12.17.tgz failed, reason: getaddrinfo EAI_AGAIN registry.npmjs.org

FetchError: request to https://registry.npmjs.org/hono/-/hono-4.12.17.tgz failed, reason: getaddrinfo EAI_AGAIN registry.npmjs.org
    at ClientRequest.<anonymous> (/root/.local/share/pnpm/.tools/pnpm/10.33.2_tmp_75193_0/node_modules/pnpm/dist/pnpm.cjs:39283:18)
    at ClientRequest.emit (node:events:509:28)
    at emitErrorEvent (node:_http_client:109:11)
    at TLSSocket.socketErrorListener (node:_http_client:593:5)
    at TLSSocket.emit (node:events:521:24)
    at emitErrorNT (node:internal/streams/destroy:170:8)
    at emitErrorCloseNT (node:internal/streams/destroy:129:3)
    at process.processTicksAndRejections (node:internal/process/task_queues:90:21)
exit_status: 1
summary: failed
=== evidence_end ===

=== evidence_start ===
executed_at_utc: 2026-05-05T14:09:24Z
command: pnpm install
Scope: all 5 workspace projects
 WARN  GET https://registry.npmjs.org/@konemono%2Fnostr-login error (EAI_AGAIN). Will retry in 10 seconds. 2 retries left.
 WARN  GET https://registry.npmjs.org/@scure%2Fbase error (EAI_AGAIN). Will retry in 10 seconds. 2 retries left.
 WARN  GET https://registry.npmjs.org/hono error (EAI_AGAIN). Will retry in 10 seconds. 2 retries left.
 WARN  GET https://registry.npmjs.org/zod error (EAI_AGAIN). Will retry in 10 seconds. 2 retries left.
Progress: resolved 0, reused 1, downloaded 0, added 0
Progress: resolved 42, reused 42, downloaded 0, added 0
 WARN  GET https://registry.npmjs.org/@konemono%2Fnostr-login error (EAI_AGAIN). Will retry in 1 minute. 1 retries left.
 WARN  GET https://registry.npmjs.org/@scure%2Fbase error (EAI_AGAIN). Will retry in 1 minute. 1 retries left.
 WARN  GET https://registry.npmjs.org/hono error (EAI_AGAIN). Will retry in 1 minute. 1 retries left.
 WARN  GET https://registry.npmjs.org/zod error (EAI_AGAIN). Will retry in 1 minute. 1 retries left.
 ERR_PNPM_META_FETCH_FAIL  GET https://registry.npmjs.org/@konemono%2Fnostr-login: request to https://registry.npmjs.org/@konemono%2Fnostr-login failed, reason: getaddrinfo EAI_AGAIN registry.npmjs.org
Progress: resolved 43, reused 42, downloaded 0, added 0
 ERR_PNPM_META_FETCH_FAIL  GET https://registry.npmjs.org/@scure%2Fbase: request to https://registry.npmjs.org/@scure%2Fbase failed, reason: getaddrinfo EAI_AGAIN registry.npmjs.org
 WARN  GET https://registry.npmjs.org/@konemono/nostr-login/-/nostr-login-1.15.7.tgz error (EAI_AGAIN). Will retry in 10 seconds. 2 retries left.
 WARN  GET https://registry.npmjs.org/@scure/base/-/base-2.2.0.tgz error (EAI_AGAIN). Will retry in 10 seconds. 2 retries left.
 ERR_PNPM_META_FETCH_FAIL  GET https://registry.npmjs.org/zod: request to https://registry.npmjs.org/zod failed, reason: getaddrinfo EAI_AGAIN registry.npmjs.org
 ERR_PNPM_META_FETCH_FAIL  GET https://registry.npmjs.org/hono: request to https://registry.npmjs.org/hono failed, reason: getaddrinfo EAI_AGAIN registry.npmjs.org
 WARN  GET https://registry.npmjs.org/hono/-/hono-4.12.17.tgz error (EAI_AGAIN). Will retry in 10 seconds. 2 retries left.
 WARN  GET https://registry.npmjs.org/zod/-/zod-4.4.3.tgz error (EAI_AGAIN). Will retry in 10 seconds. 2 retries left.
 WARN  GET https://registry.npmjs.org/@rx-nostr%2Fcrypto error (EAI_AGAIN). Will retry in 10 seconds. 2 retries left.
 WARN  GET https://registry.npmjs.org/nostr-tools error (EAI_AGAIN). Will retry in 10 seconds. 2 retries left.
 WARN  GET https://registry.npmjs.org/rx-nostr error (EAI_AGAIN). Will retry in 10 seconds. 2 retries left.
 WARN  GET https://registry.npmjs.org/tseep error (EAI_AGAIN). Will retry in 10 seconds. 2 retries left.
 WARN  GET https://registry.npmjs.org/zod error (EAI_AGAIN). Will retry in 10 seconds. 2 retries left.
Progress: resolved 395, reused 278, downloaded 0, added 0
 WARN  GET https://registry.npmjs.org/@konemono/nostr-login/-/nostr-login-1.15.7.tgz error (EAI_AGAIN). Will retry in 1 minute. 1 retries left.
 WARN  GET https://registry.npmjs.org/@scure/base/-/base-2.2.0.tgz error (EAI_AGAIN). Will retry in 1 minute. 1 retries left.
 WARN  GET https://registry.npmjs.org/hono/-/hono-4.12.17.tgz error (EAI_AGAIN). Will retry in 1 minute. 1 retries left.
 WARN  GET https://registry.npmjs.org/zod/-/zod-4.4.3.tgz error (EAI_AGAIN). Will retry in 1 minute. 1 retries left.
 WARN  GET https://registry.npmjs.org/@rx-nostr%2Fcrypto error (EAI_AGAIN). Will retry in 1 minute. 1 retries left.
 WARN  GET https://registry.npmjs.org/nostr-tools error (EAI_AGAIN). Will retry in 1 minute. 1 retries left.
 WARN  GET https://registry.npmjs.org/rx-nostr error (EAI_AGAIN). Will retry in 1 minute. 1 retries left.
 WARN  GET https://registry.npmjs.org/tseep error (EAI_AGAIN). Will retry in 1 minute. 1 retries left.
 WARN  GET https://registry.npmjs.org/zod error (EAI_AGAIN). Will retry in 1 minute. 1 retries left.
 ERR_PNPM_META_FETCH_FAIL  GET https://registry.npmjs.org/@rx-nostr%2Fcrypto: request to https://registry.npmjs.org/@rx-nostr%2Fcrypto failed, reason: getaddrinfo EAI_AGAIN registry.npmjs.org
Progress: resolved 396, reused 278, downloaded 0, added 0
 ERR_PNPM_META_FETCH_FAIL  GET https://registry.npmjs.org/rx-nostr: request to https://registry.npmjs.org/rx-nostr failed, reason: getaddrinfo EAI_AGAIN registry.npmjs.org
 ERR_PNPM_META_FETCH_FAIL  GET https://registry.npmjs.org/nostr-tools: request to https://registry.npmjs.org/nostr-tools failed, reason: getaddrinfo EAI_AGAIN registry.npmjs.org
 ERR_PNPM_META_FETCH_FAIL  GET https://registry.npmjs.org/tseep: request to https://registry.npmjs.org/tseep failed, reason: getaddrinfo EAI_AGAIN registry.npmjs.org
 WARN  GET https://registry.npmjs.org/@scure%2Fbase error (EAI_AGAIN). Will retry in 10 seconds. 2 retries left.
 WARN  GET https://registry.npmjs.org/@noble%2Fcurves error (EAI_AGAIN). Will retry in 10 seconds. 2 retries left.
 WARN  GET https://registry.npmjs.org/@noble%2Fhashes error (EAI_AGAIN). Will retry in 10 seconds. 2 retries left.
 WARN  GET https://registry.npmjs.org/nostr-typedef error (EAI_AGAIN). Will retry in 10 seconds. 2 retries left.
 WARN  GET https://registry.npmjs.org/rxjs error (EAI_AGAIN). Will retry in 10 seconds. 2 retries left.
 ERR_PNPM_META_FETCH_FAIL  GET https://registry.npmjs.org/zod: request to https://registry.npmjs.org/zod failed, reason: getaddrinfo EAI_AGAIN registry.npmjs.org
Progress: resolved 429, reused 312, downloaded 0, added 0
 WARN  GET https://registry.npmjs.org/@scure%2Fbase error (EAI_AGAIN). Will retry in 1 minute. 1 retries left.
 WARN  GET https://registry.npmjs.org/@noble%2Fcurves error (EAI_AGAIN). Will retry in 1 minute. 1 retries left.
 WARN  GET https://registry.npmjs.org/@noble%2Fhashes error (EAI_AGAIN). Will retry in 1 minute. 1 retries left.
 WARN  GET https://registry.npmjs.org/nostr-typedef error (EAI_AGAIN). Will retry in 1 minute. 1 retries left.
 WARN  GET https://registry.npmjs.org/rxjs error (EAI_AGAIN). Will retry in 1 minute. 1 retries left.
 ERR_PNPM_META_FETCH_FAIL  GET https://registry.npmjs.org/@scure%2Fbase: request to https://registry.npmjs.org/@scure%2Fbase failed, reason: getaddrinfo EAI_AGAIN registry.npmjs.org
Progress: resolved 430, reused 312, downloaded 0, added 0
 ERR_PNPM_META_FETCH_FAIL  GET https://registry.npmjs.org/@noble%2Fcurves: request to https://registry.npmjs.org/@noble%2Fcurves failed, reason: getaddrinfo EAI_AGAIN registry.npmjs.org
 ERR_PNPM_META_FETCH_FAIL  GET https://registry.npmjs.org/nostr-typedef: request to https://registry.npmjs.org/nostr-typedef failed, reason: getaddrinfo EAI_AGAIN registry.npmjs.org
 ERR_PNPM_META_FETCH_FAIL  GET https://registry.npmjs.org/nostr-typedef: request to https://registry.npmjs.org/nostr-typedef failed, reason: getaddrinfo EAI_AGAIN registry.npmjs.org
 ERR_PNPM_META_FETCH_FAIL  GET https://registry.npmjs.org/@noble%2Fhashes: request to https://registry.npmjs.org/@noble%2Fhashes failed, reason: getaddrinfo EAI_AGAIN registry.npmjs.org
 ERR_PNPM_META_FETCH_FAIL  GET https://registry.npmjs.org/rxjs: request to https://registry.npmjs.org/rxjs failed, reason: getaddrinfo EAI_AGAIN registry.npmjs.org
Packages: +5 -4
+++++----
 EAI_AGAIN  request to https://registry.npmjs.org/@konemono/nostr-login/-/nostr-login-1.15.7.tgz failed, reason: getaddrinfo EAI_AGAIN registry.npmjs.org

This error happened while installing a direct dependency of /root/src/github.com/ikuradon/Resonote

FetchError: request to https://registry.npmjs.org/@konemono/nostr-login/-/nostr-login-1.15.7.tgz failed, reason: getaddrinfo EAI_AGAIN registry.npmjs.org
    at ClientRequest.<anonymous> (/root/.local/share/pnpm/.tools/pnpm/10.33.2_tmp_75193_0/node_modules/pnpm/dist/pnpm.cjs:39283:18)
    at ClientRequest.emit (node:events:509:28)
    at emitErrorEvent (node:_http_client:109:11)
    at TLSSocket.socketErrorListener (node:_http_client:593:5)
    at TLSSocket.emit (node:events:521:24)
    at emitErrorNT (node:internal/streams/destroy:170:8)
    at emitErrorCloseNT (node:internal/streams/destroy:129:3)
    at process.processTicksAndRejections (node:internal/process/task_queues:90:21)
exit_status: 1
summary: failed
=== evidence_end ===

=== evidence_start ===
executed_at_utc: 2026-05-05T14:12:56Z
command: pnpm list --depth 0 | tee logs/pnpm-update-2026-05-05/pnpm-list-depth-0-runtime.txt
Legend: production dependency, optional only, dev only

resonote@0.2.3 /root/src/github.com/ikuradon/Resonote (PRIVATE)
│
│   dependencies:
├── @auftakt/adapter-dexie@link:packages/adapter-dexie
├── @auftakt/core@link:packages/core
├── @auftakt/resonote@link:packages/resonote
├── @auftakt/runtime@link:packages/runtime
├── @hono/zod-validator@0.7.6
├── @ikuradon/emoji-kitchen-mart@7.0.0
├── @ikuradon/emoji-kitchen-mart-data@2.0.0
├── @konemono/nostr-login@1.15.7
├── @scure/base@2.2.0
├── hono@4.12.17
├── idb@8.0.3
├── rxjs@7.8.2
├── zod@4.4.3
│
│   devDependencies:
├── @codecov/vite-plugin@2.0.1
├── @eslint/js@10.0.1
├── @ikuradon/tsunagiya@0.4.0
├── @playwright/test@1.59.1
├── @sveltejs/adapter-cloudflare@7.2.8
├── @sveltejs/kit@2.59.1
├── @sveltejs/vite-plugin-svelte@7.1.0
├── @tailwindcss/vite@4.2.4
├── @types/chrome@0.1.40
├── @types/node@25.6.0
├── @types/webextension-polyfill@0.12.5
├── @vitest/coverage-v8@4.1.5
├── esbuild@0.28.0
├── eslint@10.3.0
├── eslint-config-prettier@10.1.8
├── eslint-plugin-simple-import-sort@13.0.0
├── eslint-plugin-svelte@3.17.1
├── fake-indexeddb@6.2.5
├── globals@17.6.0
├── nano-staged@1.0.2
├── nostr-typedef@0.13.0
├── prettier@3.8.3
├── prettier-plugin-svelte@3.5.1
├── simple-git-hooks@2.13.1
├── svelte@5.55.5
├── svelte-check@4.4.8
├── tailwindcss@4.2.4
├── typescript@6.0.3
├── typescript-eslint@8.59.2
├── vite@8.0.10
├── vitest@4.1.5
├── webextension-polyfill@0.12.0
└── wrangler@4.78.0

46 packages
exit_status: 0
summary: success
=== evidence_end ===

=== evidence_start ===
executed_at_utc: 2026-05-05T14:12:57Z
command: pnpm run test:packages

> resonote@0.2.3 test:packages /root/src/github.com/ikuradon/Resonote
> vitest run packages/


 RUN  v4.1.5 /root/src/github.com/ikuradon/Resonote

 ✓ packages/core/src/public-api.contract.test.ts (4 tests) 948ms
     ✓ keeps raw relay internals out of the package root  929ms
 ✓ packages/runtime/src/public-api.contract.test.ts (4 tests) 1204ms
     ✓ exposes only generic runtime execution values from the package root  1153ms
 ✓ packages/resonote/src/public-api.contract.test.ts (8 tests) 1204ms
     ✓ exports only the minimal Resonote-specific value allowlist  1167ms
 ✓ packages/adapter-dexie/src/materialization.contract.test.ts (20 tests) 397ms
 ✓ packages/resonote/src/subscription-visibility.contract.test.ts (7 tests) 423ms
 ✓ packages/adapter-dexie/src/public-api.contract.test.ts (3 tests) 208ms
 ✓ packages/resonote/src/public-read-cutover.contract.test.ts (11 tests) 266ms
 ✓ packages/runtime/src/event-coordinator.contract.test.ts (28 tests) 209ms
 ✓ packages/runtime/src/subscription-registry.contract.test.ts (7 tests) 225ms
 ✓ packages/runtime/src/cached-read.contract.test.ts (2 tests) 185ms
 ✓ packages/core/src/nip98-http-auth.contract.test.ts (4 tests) 245ms
 ✓ packages/runtime/src/relay-session.contract.test.ts (42 tests) 1430ms
 ✓ packages/adapter-dexie/src/hot-path.contract.test.ts (4 tests) 115ms
 ✓ packages/resonote/src/built-in-plugins.contract.test.ts (7 tests) 197ms
 ✓ packages/adapter-dexie/src/app-bridge.contract.test.ts (3 tests) 160ms
 ✓ packages/core/src/nip86-relay-management.contract.test.ts (5 tests) 149ms
 ✓ packages/core/src/event-validation.contract.test.ts (3 tests) 135ms
 ✓ packages/core/src/nip59-gift-wrap.contract.test.ts (6 tests) 89ms
 ✓ packages/core/src/nip37-draft-wrap.contract.test.ts (4 tests) 89ms
 ✓ packages/runtime/src/relay-repair.contract.test.ts (18 tests) 2551ms
     ✓ chunks multi-id negentropy repair fetches at the canonical 50-id boundary  1661ms
 ✓ packages/core/src/nip17-direct-message.contract.test.ts (6 tests) 109ms
 ✓ packages/adapter-dexie/src/relay-capabilities.contract.test.ts (3 tests) 80ms
 ✓ packages/adapter-dexie/src/maintenance.contract.test.ts (3 tests) 94ms
 ✓ packages/adapter-dexie/src/pending-publishes.contract.test.ts (4 tests) 102ms
 ✓ packages/adapter-dexie/src/schema.contract.test.ts (3 tests) 106ms
 ✓ packages/runtime/src/publish-queue.contract.test.ts (5 tests) 105ms
 ✓ packages/adapter-dexie/src/sync-cursors.contract.test.ts (3 tests) 99ms
 ❯ packages/runtime/src/relay-session-word-guard.contract.test.ts (2 tests | 2 failed) 47ms
     × rejects disallowed relay session words in tracked package paths and content 31ms
     × excludes evidence and generated caches from the tracked scan set 13ms
 ✓ packages/resonote/src/relay-selection-runtime.contract.test.ts (14 tests) 61ms
 ✓ packages/core/src/reconcile.contract.test.ts (7 tests) 88ms
 ❯ packages/runtime/src/package-boundary.contract.test.ts (2 tests | 2 failed) 61ms
     × keeps the tracked package inventory explicit 42ms
     × keeps production package imports flowing core <- runtime <- resonote 12ms
 ✓ packages/adapter-dexie/src/relay-hints.contract.test.ts (1 test) 45ms
 ✓ packages/core/src/negentropy-repair.contract.test.ts (3 tests) 25ms
 ✓ packages/core/src/request-key.contract.test.ts (3 tests) 26ms
 ✓ packages/resonote/src/relay-routing-publish.contract.test.ts (6 tests) 57ms
 ✓ packages/runtime/src/entity-handles.contract.test.ts (17 tests) 61ms
 ✓ packages/core/src/relay-selection.contract.test.ts (8 tests) 56ms
 ✓ packages/resonote/src/custom-emoji.contract.test.ts (15 tests) 34ms
 ✓ packages/runtime/src/request-planning.contract.test.ts (5 tests) 65ms
 ✓ packages/runtime/src/negentropy-message.contract.test.ts (15 tests) 23ms
 ✓ packages/resonote/src/local-store-api.contract.test.ts (4 tests) 27ms
 ✓ packages/resonote/src/relay-capability-api.contract.test.ts (3 tests) 42ms
 ✓ packages/runtime/src/negentropy-transport.contract.test.ts (1 test) 36ms
 ✓ packages/core/src/nip46-remote-signing.contract.test.ts (6 tests) 11ms
 ✓ packages/runtime/src/hot-event-index.contract.test.ts (7 tests) 25ms
 ✓ packages/core/src/nipB7-blossom.contract.test.ts (5 tests) 18ms
 ✓ packages/runtime/src/plugin-isolation.contract.test.ts (6 tests) 35ms
 ✓ packages/core/src/nip52-calendar.contract.test.ts (7 tests) 43ms
 ✓ packages/core/src/nip32-label.contract.test.ts (7 tests) 25ms
 ✓ packages/runtime/src/relay-selection-runtime.contract.test.ts (5 tests) 21ms
 ✓ packages/runtime/src/plugin-api.contract.test.ts (5 tests) 56ms
 ✓ packages/core/src/nip53-live-activity.contract.test.ts (7 tests) 32ms
 ✓ packages/resonote/src/event-ingress.contract.test.ts (3 tests) 48ms
 ✓ packages/core/src/nip92-media-attachments.contract.test.ts (4 tests) 13ms
 ✓ packages/core/src/relay-capability.contract.test.ts (7 tests) 24ms
 ✓ packages/core/src/nipA4-public-messages.contract.test.ts (4 tests) 30ms
 ✓ packages/core/src/nip84-highlight.contract.test.ts (3 tests) 17ms
 ✓ packages/core/src/nip43-relay-access.contract.test.ts (5 tests) 21ms
 ✓ packages/runtime/src/relay-gateway.contract.test.ts (6 tests) 20ms
 ✓ packages/core/src/nipA0-voice-messages.contract.test.ts (4 tests) 24ms
 ✓ packages/core/src/nip72-community.contract.test.ts (4 tests) 34ms
 ✓ packages/core/src/nip94-file-metadata.contract.test.ts (4 tests) 24ms
 ✓ packages/core/src/nip28-public-chat.contract.test.ts (5 tests) 14ms
 ✓ packages/core/src/nip50-search.contract.test.ts (4 tests) 8ms
 ✓ packages/runtime/src/relay-capability-runtime.contract.test.ts (3 tests) 17ms
 ✓ packages/core/src/nip85-trusted-assertions.contract.test.ts (4 tests) 38ms
 ✓ packages/core/src/nip88-polls.contract.test.ts (4 tests) 12ms
 ✓ packages/core/src/nip21-uri.contract.test.ts (5 tests) 19ms
 ✓ packages/core/src/nip27-references.contract.test.ts (4 tests) 25ms
 ✓ packages/core/src/nip48-proxy-tags.contract.test.ts (8 tests) 43ms
 ✓ packages/core/src/nip71-video.contract.test.ts (3 tests) 15ms
 ✓ packages/core/src/nip03-open-timestamps.contract.test.ts (4 tests) 15ms
 ✓ packages/core/src/nip58-badges.contract.test.ts (6 tests) 54ms
 ✓ packages/runtime/src/relay-observation.contract.test.ts (2 tests) 10ms
 ✓ packages/core/src/nip68-picture.contract.test.ts (3 tests) 22ms
 ✓ packages/resonote/src/relay-metrics-nip66.contract.test.ts (2 tests) 34ms
 ✓ packages/core/src/nip51-list.contract.test.ts (8 tests) 29ms
 ✓ packages/core/src/nip39-external-identity.contract.test.ts (8 tests) 22ms
 ✓ packages/core/src/nip24-extra-metadata.contract.test.ts (7 tests) 36ms
 ✓ packages/core/src/nip55-android-signer.contract.test.ts (6 tests) 22ms
 ✓ packages/core/src/nip62-request-to-vanish.contract.test.ts (5 tests) 8ms
 ✓ packages/core/src/nip38-user-status.contract.test.ts (8 tests) 22ms
 ✓ packages/core/src/module-boundary.contract.test.ts (3 tests) 16ms
 ✓ packages/core/src/nip13-proof-of-work.contract.test.ts (5 tests) 52ms
 ✓ packages/core/src/nip89-application-handlers.contract.test.ts (4 tests) 26ms
 ✓ packages/core/src/nip40-expiration.contract.test.ts (3 tests) 14ms
 ✓ packages/core/src/nip14-subject.contract.test.ts (7 tests) 23ms
 ✓ packages/core/src/nipC0-code-snippets.contract.test.ts (4 tests) 11ms
 ✓ packages/core/src/nipC7-chats.contract.test.ts (4 tests) 30ms
 ✓ packages/core/src/nip56-report.contract.test.ts (5 tests) 36ms
 ✓ packages/runtime/src/relay-hints.contract.test.ts (2 tests) 15ms
 ✓ packages/core/src/relay-observation.contract.test.ts (2 tests) 30ms
 ✓ packages/core/src/nip31-alt.contract.test.ts (4 tests) 7ms
 ✓ packages/resonote/src/degraded-storage.contract.test.ts (1 test) 11ms
 ✓ packages/core/src/nip78-application-data.contract.test.ts (3 tests) 21ms
 ✓ packages/runtime/src/relay-lifecycle.contract.test.ts (2 tests) 7ms
 ✓ packages/core/src/nip23-long-form.contract.test.ts (3 tests) 8ms
 ✓ packages/runtime/src/materializer-queue.contract.test.ts (2 tests) 16ms
 ✓ packages/core/src/publish-settlement.contract.test.ts (5 tests) 14ms
 ✓ packages/core/src/nip7d-thread.contract.test.ts (4 tests) 10ms
 ✓ packages/core/src/request-planning.contract.test.ts (1 test) 5ms
 ✓ packages/core/src/read-settlement.contract.test.ts (4 tests) 6ms
 ✓ packages/core/src/nip36-content-warning.contract.test.ts (4 tests) 8ms
 ✓ packages/runtime/src/relay-capability.contract.test.ts (1 test) 4ms

⎯⎯⎯⎯⎯⎯⎯ Failed Tests 4 ⎯⎯⎯⎯⎯⎯⎯

 FAIL  packages/runtime/src/package-boundary.contract.test.ts > @auftakt package boundary guard > keeps the tracked package inventory explicit
Error: spawnSync git EPERM
 ❯ trackedPackagePaths packages/runtime/src/package-boundary.contract.test.ts:14:15
     12|
     13| function trackedPackagePaths(): string[] {
     14|   const raw = execFileSync('git', ['ls-files', 'packages/'], {
       |               ^
     15|     cwd: repoRoot,
     16|     encoding: 'utf8'
 ❯ packages/runtime/src/package-boundary.contract.test.ts:86:25

⎯⎯⎯⎯⎯⎯⎯⎯⎯⎯⎯⎯⎯⎯⎯⎯⎯⎯⎯⎯⎯⎯⎯⎯[1/4]⎯

 FAIL  packages/runtime/src/package-boundary.contract.test.ts > @auftakt package boundary guard > keeps production package imports flowing core <- runtime <- resonote
Error: spawnSync git EPERM
 ❯ trackedPackagePaths packages/runtime/src/package-boundary.contract.test.ts:14:15
     12|
     13| function trackedPackagePaths(): string[] {
     14|   const raw = execFileSync('git', ['ls-files', 'packages/'], {
       |               ^
     15|     cwd: repoRoot,
     16|     encoding: 'utf8'
 ❯ packages/runtime/src/package-boundary.contract.test.ts:90:19

⎯⎯⎯⎯⎯⎯⎯⎯⎯⎯⎯⎯⎯⎯⎯⎯⎯⎯⎯⎯⎯⎯⎯⎯[2/4]⎯

 FAIL  packages/runtime/src/relay-session-word-guard.contract.test.ts > @auftakt/runtime relay session word guard > rejects disallowed relay session words in tracked package paths and content
Error: spawnSync git EPERM
 ❯ trackedGuardFiles packages/runtime/src/relay-session-word-guard.contract.test.ts:56:15
     54|
     55| function trackedGuardFiles(): string[] {
     56|   const raw = execFileSync('git', ['ls-files'], {
       |               ^
     57|     cwd: repoRoot,
     58|     encoding: 'utf8'
 ❯ packages/runtime/src/relay-session-word-guard.contract.test.ts:105:19

⎯⎯⎯⎯⎯⎯⎯⎯⎯⎯⎯⎯⎯⎯⎯⎯⎯⎯⎯⎯⎯⎯⎯⎯[3/4]⎯

 FAIL  packages/runtime/src/relay-session-word-guard.contract.test.ts > @auftakt/runtime relay session word guard > excludes evidence and generated caches from the tracked scan set
Error: spawnSync git EPERM
 ❯ trackedGuardFiles packages/runtime/src/relay-session-word-guard.contract.test.ts:56:15
     54|
     55| function trackedGuardFiles(): string[] {
     56|   const raw = execFileSync('git', ['ls-files'], {
       |               ^
     57|     cwd: repoRoot,
     58|     encoding: 'utf8'
 ❯ packages/runtime/src/relay-session-word-guard.contract.test.ts:114:19

⎯⎯⎯⎯⎯⎯⎯⎯⎯⎯⎯⎯⎯⎯⎯⎯⎯⎯⎯⎯⎯⎯⎯⎯[4/4]⎯


 Test Files  2 failed | 102 passed (104)
      Tests  4 failed | 590 passed (594)
   Start at  23:13:01
   Duration  14.16s (transform 9.02s, setup 0ms, import 50.26s, tests 13.24s, environment 90ms)

JUNIT report written to /root/src/github.com/ikuradon/Resonote/test-results/junit.xml
 ELIFECYCLE  Command failed with exit code 1.
exit_status: 1
summary: failed
=== evidence_end ===

=== evidence_start ===
executed_at_utc: 2026-05-05T14:13:16Z
command: pnpm run test:auftakt:app-regression

> resonote@0.2.3 test:auftakt:app-regression /root/src/github.com/ikuradon/Resonote
> vitest run src/shared/auftakt/cached-read.test.ts src/shared/browser/profile.svelte.test.ts src/shared/browser/relays.test.ts src/features/comments/ui/comment-view-model.test.ts src/features/notifications/ui/notification-feed-view-model.test.ts src/features/relays/ui/relay-settings-view-model.test.ts src/features/comments/application/comment-actions.test.ts src/features/content-resolution/application/resolve-content.test.ts


 RUN  v4.1.5 /root/src/github.com/ikuradon/Resonote

 ✓ src/features/comments/application/comment-actions.test.ts (35 tests) 23ms
 ✓ src/features/content-resolution/application/resolve-content.test.ts (28 tests) 17ms
 ✓ src/shared/browser/relays.test.ts (17 tests) 14ms
 ✓ src/features/relays/ui/relay-settings-view-model.test.ts (34 tests) 57ms
 ✓ src/features/notifications/ui/notification-feed-view-model.test.ts (20 tests) 37ms
 ✓ src/features/comments/ui/comment-view-model.test.ts (60 tests) 69ms
 ✓ src/shared/browser/profile.svelte.test.ts (14 tests) 73ms
 ✓ src/shared/auftakt/cached-read.test.ts (23 tests) 7046ms
     ✓ returns event with cache-hit settlement on DB cache hit  604ms
     ✓ eventually settles after all async paths complete  603ms
     ✓ event stays null when neither DB nor relay provides data  603ms
     ✓ DB cache miss keeps settlement as settled miss after relay settle  602ms
     ✓ keeps a local cache hit partial until late EOSE settles the relay path  654ms
     ✓ keeps a miss partial until all relays disconnect or complete  652ms
     ✓ returns DB cached event even when DB is slow  603ms
     ✓ handles DB error gracefully (settled miss)  603ms
     ✓ destroy() prevents DB result from updating state  655ms
     ✓ destroy() is safe to call multiple times  607ms
     ✓ exposes reactive getters  603ms

 Test Files  8 passed (8)
      Tests  231 passed (231)
   Start at  23:13:20
   Duration  9.65s (transform 7.77s, setup 0ms, import 11.25s, tests 7.34s, environment 5ms)

JUNIT report written to /root/src/github.com/ikuradon/Resonote/test-results/junit.xml
exit_status: 0
summary: success
=== evidence_end ===

=== evidence_start ===
executed_at_utc: 2026-05-05T14:13:30Z
command: pnpm run check

> resonote@0.2.3 check /root/src/github.com/ikuradon/Resonote
> svelte-kit sync && svelte-check --tsconfig ./tsconfig.json

Loading svelte-check in workspace: /root/src/github.com/ikuradon/Resonote
Getting Svelte diagnostics...

/root/src/github.com/ikuradon/Resonote/src/server/api/middleware/error-handler.ts:1:30
Error: Cannot find module 'hono' or its corresponding type declarations. 
import type { Context } from 'hono';
import { HTTPException } from 'hono/http-exception';

/root/src/github.com/ikuradon/Resonote/src/server/api/middleware/error-handler.ts:2:31
Error: Cannot find module 'hono/http-exception' or its corresponding type declarations. 
import type { Context } from 'hono';
import { HTTPException } from 'hono/http-exception';

/root/src/github.com/ikuradon/Resonote/src/server/api/middleware/error-handler.ts:20:46
Error: Property 'status' does not exist on type 'Error'. 
  if (err instanceof HTTPException) {
    return c.json({ error: SAFE_MESSAGES[err.status] ?? 'Internal Server Error' }, err.status);
  }

/root/src/github.com/ikuradon/Resonote/src/server/api/middleware/error-handler.ts:20:88
Error: Property 'status' does not exist on type 'Error'. 
  if (err instanceof HTTPException) {
    return c.json({ error: SAFE_MESSAGES[err.status] ?? 'Internal Server Error' }, err.status);
  }

/root/src/github.com/ikuradon/Resonote/src/server/api/middleware/rate-limit.ts:1:40
Error: Cannot find module 'hono' or its corresponding type declarations. 
import type { MiddlewareHandler } from 'hono';

/root/src/github.com/ikuradon/Resonote/src/server/api/middleware/rate-limit.ts:21:17
Error: Parameter 'c' implicitly has an 'any' type. 

  return async (c, next) => {
    const ip =

/root/src/github.com/ikuradon/Resonote/src/server/api/middleware/rate-limit.ts:21:20
Error: Parameter 'next' implicitly has an 'any' type. 

  return async (c, next) => {
    const ip =

/root/src/github.com/ikuradon/Resonote/src/server/api/middleware/cache.ts:1:40
Error: Cannot find module 'hono' or its corresponding type declarations. 
import type { MiddlewareHandler } from 'hono';

/root/src/github.com/ikuradon/Resonote/src/server/api/middleware/cache.ts:8:17
Error: Parameter 'c' implicitly has an 'any' type. 
export function cacheMiddleware(options: CacheOptions): MiddlewareHandler {
  return async (c, next) => {
    // caches.default is only available in Cloudflare Workers runtime.

/root/src/github.com/ikuradon/Resonote/src/server/api/middleware/cache.ts:8:20
Error: Parameter 'next' implicitly has an 'any' type. 
export function cacheMiddleware(options: CacheOptions): MiddlewareHandler {
  return async (c, next) => {
    // caches.default is only available in Cloudflare Workers runtime.

/root/src/github.com/ikuradon/Resonote/src/server/api/oembed.ts:1:28
Error: Cannot find module '@hono/zod-validator' or its corresponding type declarations. 
import { zValidator } from '@hono/zod-validator';
import { Hono } from 'hono';

/root/src/github.com/ikuradon/Resonote/src/server/api/oembed.ts:2:22
Error: Cannot find module 'hono' or its corresponding type declarations. 
import { zValidator } from '@hono/zod-validator';
import { Hono } from 'hono';
import type { ContentfulStatusCode } from 'hono/utils/http-status';

/root/src/github.com/ikuradon/Resonote/src/server/api/oembed.ts:3:43
Error: Cannot find module 'hono/utils/http-status' or its corresponding type declarations. 
import { Hono } from 'hono';
import type { ContentfulStatusCode } from 'hono/utils/http-status';
import { z } from 'zod';

/root/src/github.com/ikuradon/Resonote/src/server/api/oembed.ts:4:19
Error: Cannot find module 'zod' or its corresponding type declarations. 
import type { ContentfulStatusCode } from 'hono/utils/http-status';
import { z } from 'zod';

/root/src/github.com/ikuradon/Resonote/src/server/api/oembed.ts:204:37
Error: Parameter 'result' implicitly has an 'any' type. 
  cacheMiddleware({ ttl: 86400 }),
  zValidator('query', querySchema, (result, c) => {
    if (!result.success) {

/root/src/github.com/ikuradon/Resonote/src/server/api/oembed.ts:204:45
Error: Parameter 'c' implicitly has an 'any' type. 
  cacheMiddleware({ ttl: 86400 }),
  zValidator('query', querySchema, (result, c) => {
    if (!result.success) {

/root/src/github.com/ikuradon/Resonote/src/server/api/oembed.ts:209:10
Error: Parameter 'c' implicitly has an 'any' type. 
  }),
  async (c) => {
    const { platform, type, id } = c.req.valid('query');

/root/src/github.com/ikuradon/Resonote/src/server/api/podbean.ts:1:28
Error: Cannot find module '@hono/zod-validator' or its corresponding type declarations. 
import { zValidator } from '@hono/zod-validator';
import { Hono } from 'hono';

/root/src/github.com/ikuradon/Resonote/src/server/api/podbean.ts:2:22
Error: Cannot find module 'hono' or its corresponding type declarations. 
import { zValidator } from '@hono/zod-validator';
import { Hono } from 'hono';
import { z } from 'zod';

/root/src/github.com/ikuradon/Resonote/src/server/api/podbean.ts:3:19
Error: Cannot find module 'zod' or its corresponding type declarations. 
import { Hono } from 'hono';
import { z } from 'zod';

/root/src/github.com/ikuradon/Resonote/src/server/api/podbean.ts:20:37
Error: Parameter 'result' implicitly has an 'any' type. 
  cacheMiddleware({ ttl: 86400 }),
  zValidator('query', querySchema, (result, c) => {
    if (!result.success) {

/root/src/github.com/ikuradon/Resonote/src/server/api/podbean.ts:20:45
Error: Parameter 'c' implicitly has an 'any' type. 
  cacheMiddleware({ ttl: 86400 }),
  zValidator('query', querySchema, (result, c) => {
    if (!result.success) {

/root/src/github.com/ikuradon/Resonote/src/server/api/podbean.ts:25:10
Error: Parameter 'c' implicitly has an 'any' type. 
  }),
  async (c) => {
    const { url: targetUrl } = c.req.valid('query');

/root/src/github.com/ikuradon/Resonote/src/server/api/podcast.ts:3:28
Error: Cannot find module '@hono/zod-validator' or its corresponding type declarations. 
import { hexToBytes } from '@auftakt/core';
import { zValidator } from '@hono/zod-validator';
import { Hono } from 'hono';

/root/src/github.com/ikuradon/Resonote/src/server/api/podcast.ts:4:22
Error: Cannot find module 'hono' or its corresponding type declarations. 
import { zValidator } from '@hono/zod-validator';
import { Hono } from 'hono';
import { z } from 'zod';

/root/src/github.com/ikuradon/Resonote/src/server/api/podcast.ts:5:19
Error: Cannot find module 'zod' or its corresponding type declarations. 
import { Hono } from 'hono';
import { z } from 'zod';

/root/src/github.com/ikuradon/Resonote/src/server/api/podcast.ts:466:37
Error: Parameter 'result' implicitly has an 'any' type. 
  cacheMiddleware({ ttl: 3600 }),
  zValidator('query', querySchema, (result, c) => {
    if (!result.success) {

/root/src/github.com/ikuradon/Resonote/src/server/api/podcast.ts:466:45
Error: Parameter 'c' implicitly has an 'any' type. 
  cacheMiddleware({ ttl: 3600 }),
  zValidator('query', querySchema, (result, c) => {
    if (!result.success) {

/root/src/github.com/ikuradon/Resonote/src/server/api/podcast.ts:471:10
Error: Parameter 'c' implicitly has an 'any' type. 
  }),
  async (c) => {
    const { url: urlParam } = c.req.valid('query');

/root/src/github.com/ikuradon/Resonote/src/server/api/system.ts:3:22
Error: Cannot find module 'hono' or its corresponding type declarations. 
import { hexToBytes } from '@auftakt/core';
import { Hono } from 'hono';

/root/src/github.com/ikuradon/Resonote/src/server/api/system.ts:7:79
Error: Parameter 'c' implicitly has an 'any' type. 

export const systemRoute = new Hono<{ Bindings: Bindings }>().get('/pubkey', (c) => {
  const privkeyHex = c.env.SYSTEM_NOSTR_PRIVKEY;

/root/src/github.com/ikuradon/Resonote/src/server/api/youtube.ts:1:28
Error: Cannot find module '@hono/zod-validator' or its corresponding type declarations. 
import { zValidator } from '@hono/zod-validator';
import { Hono } from 'hono';

/root/src/github.com/ikuradon/Resonote/src/server/api/youtube.ts:2:22
Error: Cannot find module 'hono' or its corresponding type declarations. 
import { zValidator } from '@hono/zod-validator';
import { Hono } from 'hono';
import { z } from 'zod';

/root/src/github.com/ikuradon/Resonote/src/server/api/youtube.ts:3:19
Error: Cannot find module 'zod' or its corresponding type declarations. 
import { Hono } from 'hono';
import { z } from 'zod';

/root/src/github.com/ikuradon/Resonote/src/server/api/youtube.ts:78:37
Error: Parameter 'result' implicitly has an 'any' type. 
  cacheMiddleware({ ttl: 900 }),
  zValidator('query', querySchema, (result, c) => {
    if (!result.success) {

/root/src/github.com/ikuradon/Resonote/src/server/api/youtube.ts:78:45
Error: Parameter 'c' implicitly has an 'any' type. 
  cacheMiddleware({ ttl: 900 }),
  zValidator('query', querySchema, (result, c) => {
    if (!result.success) {

/root/src/github.com/ikuradon/Resonote/src/server/api/youtube.ts:83:10
Error: Parameter 'c' implicitly has an 'any' type. 
  }),
  async (c) => {
    const { type, id } = c.req.valid('query');

/root/src/github.com/ikuradon/Resonote/src/server/api/app.ts:1:22
Error: Cannot find module 'hono' or its corresponding type declarations. 
import { Hono } from 'hono';

/root/src/github.com/ikuradon/Resonote/src/shared/nostr/helpers.ts:2:24
Error: Cannot find module '@scure/base' or its corresponding type declarations. 
import { decodeNip19 as decode } from '@auftakt/core';
import { bech32 } from '@scure/base';

/root/src/github.com/ikuradon/Resonote/src/features/auth/infra/nostr-login-gateway.ts:6:17
Error: Cannot find module '@konemono/nostr-login' or its corresponding type declarations. 
function loadNostrLogin() {
  return import('@konemono/nostr-login');
}

/root/src/github.com/ikuradon/Resonote/src/shared/api/client.ts:1:20
Error: Cannot find module 'hono/client' or its corresponding type declarations. 
import { hc } from 'hono/client';

/root/src/github.com/ikuradon/Resonote/src/shared/content/podcast-resolver.ts:17:12
Error: Parameter 'res' implicitly has an 'any' type. 
    .$get()
    .then((res) => {
      if (!res.ok) {

/root/src/github.com/ikuradon/Resonote/src/shared/content/podcast-resolver.ts:34:13
Error: Parameter 'e' implicitly has an 'any' type. 
    })
    .catch((e) => {
      log.warn('Failed to fetch system pubkey', e);

/root/src/github.com/ikuradon/Resonote/src/shared/content/podcast-resolver.ts:39:3
Error: Type 'Promise<string> | undefined' is not assignable to type 'Promise<string>'.
  Type 'undefined' is not assignable to type 'Promise<string>'. 
    });
  return pubkeyPromise;
}

/root/src/github.com/ikuradon/Resonote/src/server/api/oembed.test.ts:1:22
Error: Cannot find module 'hono' or its corresponding type declarations. 
import { Hono } from 'hono';
import { afterEach, beforeEach, describe, expect, it, vi } from 'vitest';

/root/src/github.com/ikuradon/Resonote/src/server/api/podbean.test.ts:1:22
Error: Cannot find module 'hono' or its corresponding type declarations. 
import { Hono } from 'hono';
import { afterEach, beforeEach, describe, expect, it, vi } from 'vitest';

/root/src/github.com/ikuradon/Resonote/src/server/api/podcast.test.ts:1:22
Error: Cannot find module 'hono' or its corresponding type declarations. 
import { Hono } from 'hono';
import { afterEach, beforeEach, describe, expect, it, vi } from 'vitest';

/root/src/github.com/ikuradon/Resonote/src/server/api/system.test.ts:3:22
Error: Cannot find module 'hono' or its corresponding type declarations. 
import { hexToBytes } from '@auftakt/core';
import { Hono } from 'hono';
import { describe, expect, it } from 'vitest';

/root/src/github.com/ikuradon/Resonote/src/server/api/youtube.test.ts:1:22
Error: Cannot find module 'hono' or its corresponding type declarations. 
import { Hono } from 'hono';
import { afterEach, beforeEach, describe, expect, it, vi } from 'vitest';

/root/src/github.com/ikuradon/Resonote/src/server/api/middleware/cache.test.ts:1:22
Error: Cannot find module 'hono' or its corresponding type declarations. 
import { Hono } from 'hono';
import { afterEach, beforeEach, describe, expect, it, vi } from 'vitest';

/root/src/github.com/ikuradon/Resonote/src/server/api/middleware/cache.test.ts:31:53
Error: Parameter 'c' implicitly has an 'any' type. 
    const app = new Hono();
    app.get('/test', cacheMiddleware({ ttl: 60 }), (c) => c.json({ cached: false }));

/root/src/github.com/ikuradon/Resonote/src/server/api/middleware/cache.test.ts:43:54
Error: Parameter 'c' implicitly has an 'any' type. 
    const app = new Hono();
    app.get('/test', cacheMiddleware({ ttl: 300 }), (c) => c.json({ fresh: true }));

/root/src/github.com/ikuradon/Resonote/src/server/api/middleware/cache.test.ts:56:54
Error: Parameter 'c' implicitly has an 'any' type. 
    const app = new Hono();
    app.get('/test', cacheMiddleware({ ttl: 600 }), (c) => c.json({ dev: true }));

/root/src/github.com/ikuradon/Resonote/src/server/api/middleware/cache.test.ts:72:53
Error: Parameter 'c' implicitly has an 'any' type. 
    const app = new Hono();
    app.get('/test', cacheMiddleware({ ttl: 60 }), (c) => c.json({ error: 'bad' }, 400));

/root/src/github.com/ikuradon/Resonote/src/server/api/middleware/error-handler.test.ts:1:22
Error: Cannot find module 'hono' or its corresponding type declarations. 
import { Hono } from 'hono';
import { HTTPException } from 'hono/http-exception';

/root/src/github.com/ikuradon/Resonote/src/server/api/middleware/error-handler.test.ts:2:31
Error: Cannot find module 'hono/http-exception' or its corresponding type declarations. 
import { Hono } from 'hono';
import { HTTPException } from 'hono/http-exception';
import { describe, expect, it } from 'vitest';

/root/src/github.com/ikuradon/Resonote/src/server/api/middleware/rate-limit.test.ts:1:22
Error: Cannot find module 'hono' or its corresponding type declarations. 
import { Hono } from 'hono';
import { afterEach, beforeEach, describe, expect, it, vi } from 'vitest';

/root/src/github.com/ikuradon/Resonote/src/server/api/middleware/rate-limit.test.ts:12:23
Error: Parameter 'c' implicitly has an 'any' type. 
    app.use('*', rateLimitMiddleware({ windowMs: 1000, max: 3 }));
    app.get('/test', (c) => c.json({ ok: true }));
  });

/root/src/github.com/ikuradon/Resonote/src/server/api/middleware/rate-limit.test.ts:73:28
Error: Parameter 'c' implicitly has an 'any' type. 
    evictApp.use('*', rateLimitMiddleware({ windowMs: 1000, max: 10, evictThreshold: 2 }));
    evictApp.get('/test', (c) => c.json({ ok: true }));

/root/src/github.com/ikuradon/Resonote/src/shared/nostr/nip19-decode.test.ts:11:24
Error: Cannot find module '@scure/base' or its corresponding type declarations. 
} from '@auftakt/core';
import { bech32 } from '@scure/base';
import { describe, expect, it } from 'vitest';

====================================
svelte-check found 60 errors and 0 warnings in 22 files
 ELIFECYCLE  Command failed with exit code 1.
exit_status: 1
summary: failed
=== evidence_end ===
Loading svelte-check in workspace: /root/src/github.com/ikuradon/Resonote
Getting Svelte diagnostics...

/root/src/github.com/ikuradon/Resonote/src/server/api/middleware/error-handler.ts:1:30
Error: Cannot find module 'hono' or its corresponding type declarations. 
import type { Context } from 'hono';
import { HTTPException } from 'hono/http-exception';

/root/src/github.com/ikuradon/Resonote/src/server/api/middleware/error-handler.ts:2:31
Error: Cannot find module 'hono/http-exception' or its corresponding type declarations. 
import type { Context } from 'hono';
import { HTTPException } from 'hono/http-exception';

/root/src/github.com/ikuradon/Resonote/src/server/api/middleware/error-handler.ts:20:46
Error: Property 'status' does not exist on type 'Error'. 
  if (err instanceof HTTPException) {
    return c.json({ error: SAFE_MESSAGES[err.status] ?? 'Internal Server Error' }, err.status);
  }

/root/src/github.com/ikuradon/Resonote/src/server/api/middleware/error-handler.ts:20:88
Error: Property 'status' does not exist on type 'Error'. 
  if (err instanceof HTTPException) {
    return c.json({ error: SAFE_MESSAGES[err.status] ?? 'Internal Server Error' }, err.status);
  }

/root/src/github.com/ikuradon/Resonote/src/server/api/middleware/rate-limit.ts:1:40
Error: Cannot find module 'hono' or its corresponding type declarations. 
import type { MiddlewareHandler } from 'hono';

/root/src/github.com/ikuradon/Resonote/src/server/api/middleware/rate-limit.ts:21:17
Error: Parameter 'c' implicitly has an 'any' type. 

  return async (c, next) => {
    const ip =

/root/src/github.com/ikuradon/Resonote/src/server/api/middleware/rate-limit.ts:21:20
Error: Parameter 'next' implicitly has an 'any' type. 

  return async (c, next) => {
    const ip =

/root/src/github.com/ikuradon/Resonote/src/server/api/middleware/cache.ts:1:40
Error: Cannot find module 'hono' or its corresponding type declarations. 
import type { MiddlewareHandler } from 'hono';

/root/src/github.com/ikuradon/Resonote/src/server/api/middleware/cache.ts:8:17
Error: Parameter 'c' implicitly has an 'any' type. 
export function cacheMiddleware(options: CacheOptions): MiddlewareHandler {
  return async (c, next) => {
    // caches.default is only available in Cloudflare Workers runtime.

/root/src/github.com/ikuradon/Resonote/src/server/api/middleware/cache.ts:8:20
Error: Parameter 'next' implicitly has an 'any' type. 
export function cacheMiddleware(options: CacheOptions): MiddlewareHandler {
  return async (c, next) => {
    // caches.default is only available in Cloudflare Workers runtime.

/root/src/github.com/ikuradon/Resonote/src/server/api/oembed.ts:1:28
Error: Cannot find module '@hono/zod-validator' or its corresponding type declarations. 
import { zValidator } from '@hono/zod-validator';
import { Hono } from 'hono';

/root/src/github.com/ikuradon/Resonote/src/server/api/oembed.ts:2:22
Error: Cannot find module 'hono' or its corresponding type declarations. 
import { zValidator } from '@hono/zod-validator';
import { Hono } from 'hono';
import type { ContentfulStatusCode } from 'hono/utils/http-status';

/root/src/github.com/ikuradon/Resonote/src/server/api/oembed.ts:3:43
Error: Cannot find module 'hono/utils/http-status' or its corresponding type declarations. 
import { Hono } from 'hono';
import type { ContentfulStatusCode } from 'hono/utils/http-status';
import { z } from 'zod';

/root/src/github.com/ikuradon/Resonote/src/server/api/oembed.ts:4:19
Error: Cannot find module 'zod' or its corresponding type declarations. 
import type { ContentfulStatusCode } from 'hono/utils/http-status';
import { z } from 'zod';

/root/src/github.com/ikuradon/Resonote/src/server/api/oembed.ts:204:37
Error: Parameter 'result' implicitly has an 'any' type. 
  cacheMiddleware({ ttl: 86400 }),
  zValidator('query', querySchema, (result, c) => {
    if (!result.success) {

/root/src/github.com/ikuradon/Resonote/src/server/api/oembed.ts:204:45
Error: Parameter 'c' implicitly has an 'any' type. 
  cacheMiddleware({ ttl: 86400 }),
  zValidator('query', querySchema, (result, c) => {
    if (!result.success) {

/root/src/github.com/ikuradon/Resonote/src/server/api/oembed.ts:209:10
Error: Parameter 'c' implicitly has an 'any' type. 
  }),
  async (c) => {
    const { platform, type, id } = c.req.valid('query');

/root/src/github.com/ikuradon/Resonote/src/server/api/podbean.ts:1:28
Error: Cannot find module '@hono/zod-validator' or its corresponding type declarations. 
import { zValidator } from '@hono/zod-validator';
import { Hono } from 'hono';

/root/src/github.com/ikuradon/Resonote/src/server/api/podbean.ts:2:22
Error: Cannot find module 'hono' or its corresponding type declarations. 
import { zValidator } from '@hono/zod-validator';
import { Hono } from 'hono';
import { z } from 'zod';

/root/src/github.com/ikuradon/Resonote/src/server/api/podbean.ts:3:19
Error: Cannot find module 'zod' or its corresponding type declarations. 
import { Hono } from 'hono';
import { z } from 'zod';

/root/src/github.com/ikuradon/Resonote/src/server/api/podbean.ts:20:37
Error: Parameter 'result' implicitly has an 'any' type. 
  cacheMiddleware({ ttl: 86400 }),
  zValidator('query', querySchema, (result, c) => {
    if (!result.success) {

/root/src/github.com/ikuradon/Resonote/src/server/api/podbean.ts:20:45
Error: Parameter 'c' implicitly has an 'any' type. 
  cacheMiddleware({ ttl: 86400 }),
  zValidator('query', querySchema, (result, c) => {
    if (!result.success) {

/root/src/github.com/ikuradon/Resonote/src/server/api/podbean.ts:25:10
Error: Parameter 'c' implicitly has an 'any' type. 
  }),
  async (c) => {
    const { url: targetUrl } = c.req.valid('query');

/root/src/github.com/ikuradon/Resonote/src/server/api/podcast.ts:3:28
Error: Cannot find module '@hono/zod-validator' or its corresponding type declarations. 
import { hexToBytes } from '@auftakt/core';
import { zValidator } from '@hono/zod-validator';
import { Hono } from 'hono';

/root/src/github.com/ikuradon/Resonote/src/server/api/podcast.ts:4:22
Error: Cannot find module 'hono' or its corresponding type declarations. 
import { zValidator } from '@hono/zod-validator';
import { Hono } from 'hono';
import { z } from 'zod';

/root/src/github.com/ikuradon/Resonote/src/server/api/podcast.ts:5:19
Error: Cannot find module 'zod' or its corresponding type declarations. 
import { Hono } from 'hono';
import { z } from 'zod';

/root/src/github.com/ikuradon/Resonote/src/server/api/podcast.ts:466:37
Error: Parameter 'result' implicitly has an 'any' type. 
  cacheMiddleware({ ttl: 3600 }),
  zValidator('query', querySchema, (result, c) => {
    if (!result.success) {

/root/src/github.com/ikuradon/Resonote/src/server/api/podcast.ts:466:45
Error: Parameter 'c' implicitly has an 'any' type. 
  cacheMiddleware({ ttl: 3600 }),
  zValidator('query', querySchema, (result, c) => {
    if (!result.success) {

/root/src/github.com/ikuradon/Resonote/src/server/api/podcast.ts:471:10
Error: Parameter 'c' implicitly has an 'any' type. 
  }),
  async (c) => {
    const { url: urlParam } = c.req.valid('query');

/root/src/github.com/ikuradon/Resonote/src/server/api/system.ts:3:22
Error: Cannot find module 'hono' or its corresponding type declarations. 
import { hexToBytes } from '@auftakt/core';
import { Hono } from 'hono';

/root/src/github.com/ikuradon/Resonote/src/server/api/system.ts:7:79
Error: Parameter 'c' implicitly has an 'any' type. 

export const systemRoute = new Hono<{ Bindings: Bindings }>().get('/pubkey', (c) => {
  const privkeyHex = c.env.SYSTEM_NOSTR_PRIVKEY;

/root/src/github.com/ikuradon/Resonote/src/server/api/youtube.ts:1:28
Error: Cannot find module '@hono/zod-validator' or its corresponding type declarations. 
import { zValidator } from '@hono/zod-validator';
import { Hono } from 'hono';

/root/src/github.com/ikuradon/Resonote/src/server/api/youtube.ts:2:22
Error: Cannot find module 'hono' or its corresponding type declarations. 
import { zValidator } from '@hono/zod-validator';
import { Hono } from 'hono';
import { z } from 'zod';

/root/src/github.com/ikuradon/Resonote/src/server/api/youtube.ts:3:19
Error: Cannot find module 'zod' or its corresponding type declarations. 
import { Hono } from 'hono';
import { z } from 'zod';

/root/src/github.com/ikuradon/Resonote/src/server/api/youtube.ts:78:37
Error: Parameter 'result' implicitly has an 'any' type. 
  cacheMiddleware({ ttl: 900 }),
  zValidator('query', querySchema, (result, c) => {
    if (!result.success) {

/root/src/github.com/ikuradon/Resonote/src/server/api/youtube.ts:78:45
Error: Parameter 'c' implicitly has an 'any' type. 
  cacheMiddleware({ ttl: 900 }),
  zValidator('query', querySchema, (result, c) => {
    if (!result.success) {

/root/src/github.com/ikuradon/Resonote/src/server/api/youtube.ts:83:10
Error: Parameter 'c' implicitly has an 'any' type. 
  }),
  async (c) => {
    const { type, id } = c.req.valid('query');

/root/src/github.com/ikuradon/Resonote/src/server/api/app.ts:1:22
Error: Cannot find module 'hono' or its corresponding type declarations. 
import { Hono } from 'hono';

/root/src/github.com/ikuradon/Resonote/src/shared/nostr/helpers.ts:2:24
Error: Cannot find module '@scure/base' or its corresponding type declarations. 
import { decodeNip19 as decode } from '@auftakt/core';
import { bech32 } from '@scure/base';

/root/src/github.com/ikuradon/Resonote/src/features/auth/infra/nostr-login-gateway.ts:6:17
Error: Cannot find module '@konemono/nostr-login' or its corresponding type declarations. 
function loadNostrLogin() {
  return import('@konemono/nostr-login');
}

/root/src/github.com/ikuradon/Resonote/src/shared/api/client.ts:1:20
Error: Cannot find module 'hono/client' or its corresponding type declarations. 
import { hc } from 'hono/client';

/root/src/github.com/ikuradon/Resonote/src/shared/content/podcast-resolver.ts:17:12
Error: Parameter 'res' implicitly has an 'any' type. 
    .$get()
    .then((res) => {
      if (!res.ok) {

/root/src/github.com/ikuradon/Resonote/src/shared/content/podcast-resolver.ts:34:13
Error: Parameter 'e' implicitly has an 'any' type. 
    })
    .catch((e) => {
      log.warn('Failed to fetch system pubkey', e);

/root/src/github.com/ikuradon/Resonote/src/shared/content/podcast-resolver.ts:39:3
Error: Type 'Promise<string> | undefined' is not assignable to type 'Promise<string>'.
  Type 'undefined' is not assignable to type 'Promise<string>'. 
    });
  return pubkeyPromise;
}

/root/src/github.com/ikuradon/Resonote/src/server/api/oembed.test.ts:1:22
Error: Cannot find module 'hono' or its corresponding type declarations. 
import { Hono } from 'hono';
import { afterEach, beforeEach, describe, expect, it, vi } from 'vitest';

/root/src/github.com/ikuradon/Resonote/src/server/api/podbean.test.ts:1:22
Error: Cannot find module 'hono' or its corresponding type declarations. 
import { Hono } from 'hono';
import { afterEach, beforeEach, describe, expect, it, vi } from 'vitest';

/root/src/github.com/ikuradon/Resonote/src/server/api/podcast.test.ts:1:22
Error: Cannot find module 'hono' or its corresponding type declarations. 
import { Hono } from 'hono';
import { afterEach, beforeEach, describe, expect, it, vi } from 'vitest';

/root/src/github.com/ikuradon/Resonote/src/server/api/system.test.ts:3:22
Error: Cannot find module 'hono' or its corresponding type declarations. 
import { hexToBytes } from '@auftakt/core';
import { Hono } from 'hono';
import { describe, expect, it } from 'vitest';

/root/src/github.com/ikuradon/Resonote/src/server/api/youtube.test.ts:1:22
Error: Cannot find module 'hono' or its corresponding type declarations. 
import { Hono } from 'hono';
import { afterEach, beforeEach, describe, expect, it, vi } from 'vitest';

/root/src/github.com/ikuradon/Resonote/src/server/api/middleware/cache.test.ts:1:22
Error: Cannot find module 'hono' or its corresponding type declarations. 
import { Hono } from 'hono';
import { afterEach, beforeEach, describe, expect, it, vi } from 'vitest';

/root/src/github.com/ikuradon/Resonote/src/server/api/middleware/cache.test.ts:31:53
Error: Parameter 'c' implicitly has an 'any' type. 
    const app = new Hono();
    app.get('/test', cacheMiddleware({ ttl: 60 }), (c) => c.json({ cached: false }));

/root/src/github.com/ikuradon/Resonote/src/server/api/middleware/cache.test.ts:43:54
Error: Parameter 'c' implicitly has an 'any' type. 
    const app = new Hono();
    app.get('/test', cacheMiddleware({ ttl: 300 }), (c) => c.json({ fresh: true }));

/root/src/github.com/ikuradon/Resonote/src/server/api/middleware/cache.test.ts:56:54
Error: Parameter 'c' implicitly has an 'any' type. 
    const app = new Hono();
    app.get('/test', cacheMiddleware({ ttl: 600 }), (c) => c.json({ dev: true }));

/root/src/github.com/ikuradon/Resonote/src/server/api/middleware/cache.test.ts:72:53
Error: Parameter 'c' implicitly has an 'any' type. 
    const app = new Hono();
    app.get('/test', cacheMiddleware({ ttl: 60 }), (c) => c.json({ error: 'bad' }, 400));

/root/src/github.com/ikuradon/Resonote/src/server/api/middleware/error-handler.test.ts:1:22
Error: Cannot find module 'hono' or its corresponding type declarations. 
import { Hono } from 'hono';
import { HTTPException } from 'hono/http-exception';

/root/src/github.com/ikuradon/Resonote/src/server/api/middleware/error-handler.test.ts:2:31
Error: Cannot find module 'hono/http-exception' or its corresponding type declarations. 
import { Hono } from 'hono';
import { HTTPException } from 'hono/http-exception';
import { describe, expect, it } from 'vitest';

/root/src/github.com/ikuradon/Resonote/src/server/api/middleware/rate-limit.test.ts:1:22
Error: Cannot find module 'hono' or its corresponding type declarations. 
import { Hono } from 'hono';
import { afterEach, beforeEach, describe, expect, it, vi } from 'vitest';

/root/src/github.com/ikuradon/Resonote/src/server/api/middleware/rate-limit.test.ts:12:23
Error: Parameter 'c' implicitly has an 'any' type. 
    app.use('*', rateLimitMiddleware({ windowMs: 1000, max: 3 }));
    app.get('/test', (c) => c.json({ ok: true }));
  });

/root/src/github.com/ikuradon/Resonote/src/server/api/middleware/rate-limit.test.ts:73:28
Error: Parameter 'c' implicitly has an 'any' type. 
    evictApp.use('*', rateLimitMiddleware({ windowMs: 1000, max: 10, evictThreshold: 2 }));
    evictApp.get('/test', (c) => c.json({ ok: true }));

/root/src/github.com/ikuradon/Resonote/src/shared/nostr/nip19-decode.test.ts:11:24
Error: Cannot find module '@scure/base' or its corresponding type declarations. 
} from '@auftakt/core';
import { bech32 } from '@scure/base';
import { describe, expect, it } from 'vitest';

====================================
svelte-check found 60 errors and 0 warnings in 22 files
 ELIFECYCLE  Command failed with exit code 1.
exit_status: 1
summary: failed (rerun)
=== evidence_end ===

=== evidence_start ===
executed_at_utc: 2026-05-05T14:14:09Z
command: pnpm install
Scope: all 5 workspace projects
Lockfile is up to date, resolution step is skipped
Already up to date

dependencies:
+ @hono/zod-validator 0.7.6
+ @konemono/nostr-login 1.15.7
+ @scure/base 2.2.0
+ hono 4.12.17
+ zod 4.4.3

. prepare$ (svelte-kit sync || echo '') && simple-git-hooks
. prepare: [INFO] Successfully set the pre-commit with command: pnpm nano-staged
. prepare: [INFO] Successfully set all git hooks
. prepare: Done
Done in 4.1s using pnpm v10.33.2
exit_status: 0
summary: success (rerun-2)
=== evidence_end ===

=== evidence_start ===
executed_at_utc: 2026-05-05T14:14:14Z
command: pnpm run check

> resonote@0.2.3 check /root/src/github.com/ikuradon/Resonote
> svelte-kit sync && svelte-check --tsconfig ./tsconfig.json

Loading svelte-check in workspace: /root/src/github.com/ikuradon/Resonote
Getting Svelte diagnostics...

svelte-check found 0 errors and 0 warnings
exit_status: 0
summary: success (rerun-2)
=== evidence_end ===
