
=== evidence_start ===
executed_at_utc: 2026-05-05T14:17:20Z
command: pnpm add -w hono@4.12.17 zod@4.4.3 @konemono/nostr-login@1.15.7 @scure/base@2.2.0
Progress: resolved 1, reused 0, downloaded 0, added 0
Progress: resolved 350, reused 0, downloaded 0, added 0
Progress: resolved 433, reused 0, downloaded 0, added 0, done
 WARN  Issues with peer dependencies found
.
└─┬ @codecov/vite-plugin 2.0.1
  └── ✕ unmet peer vite@"4.x || 5.x || 6.x": found 8.0.10

Already up to date
. prepare$ (svelte-kit sync || echo '') && simple-git-hooks
. prepare: [INFO] Successfully set the pre-commit with command: pnpm nano-staged
. prepare: [INFO] Successfully set all git hooks
. prepare: Done
Done in 5.9s using pnpm v10.33.2
exit_status: 0
summary: success
=== evidence_end ===

=== evidence_start ===
executed_at_utc: 2026-05-05T14:17:26Z
command: pnpm install
Scope: all 5 workspace projects
Lockfile is up to date, resolution step is skipped
Already up to date

. prepare$ (svelte-kit sync || echo '') && simple-git-hooks
. prepare: [INFO] Successfully set the pre-commit with command: pnpm nano-staged
. prepare: [INFO] Successfully set all git hooks
. prepare: Done
Done in 4s using pnpm v10.33.2
exit_status: 0
summary: success
=== evidence_end ===

=== evidence_start ===
executed_at_utc: 2026-05-05T14:17:31Z
command: pnpm list --depth 0 | tee logs/pnpm-update-2026-05-05/pnpm-list-depth-0-runtime.txt
Legend: production dependency, optional only, dev only

resonote@0.2.3 /root/src/github.com/ikuradon/Resonote (PRIVATE)
│
│   dependencies:
├── @auftakt/adapter-dexie@link:packages/adapter-dexie
├── @auftakt/core@link:packages/core
├── @auftakt/resonote@link:packages/resonote
├── @auftakt/runtime@link:packages/runtime
├── @hono/zod-validator@0.7.6
├── @ikuradon/emoji-kitchen-mart@7.0.0
├── @ikuradon/emoji-kitchen-mart-data@2.0.0
├── @konemono/nostr-login@1.15.7
├── @scure/base@2.2.0
├── hono@4.12.17
├── idb@8.0.3
├── rxjs@7.8.2
├── zod@4.4.3
│
│   devDependencies:
├── @codecov/vite-plugin@2.0.1
├── @eslint/js@10.0.1
├── @ikuradon/tsunagiya@0.4.0
├── @playwright/test@1.59.1
├── @sveltejs/adapter-cloudflare@7.2.8
├── @sveltejs/kit@2.59.1
├── @sveltejs/vite-plugin-svelte@7.1.0
├── @tailwindcss/vite@4.2.4
├── @types/chrome@0.1.40
├── @types/node@25.6.0
├── @types/webextension-polyfill@0.12.5
├── @vitest/coverage-v8@4.1.5
├── esbuild@0.28.0
├── eslint@10.3.0
├── eslint-config-prettier@10.1.8
├── eslint-plugin-simple-import-sort@13.0.0
├── eslint-plugin-svelte@3.17.1
├── fake-indexeddb@6.2.5
├── globals@17.6.0
├── nano-staged@1.0.2
├── nostr-typedef@0.13.0
├── prettier@3.8.3
├── prettier-plugin-svelte@3.5.1
├── simple-git-hooks@2.13.1
├── svelte@5.55.5
├── svelte-check@4.4.8
├── tailwindcss@4.2.4
├── typescript@6.0.3
├── typescript-eslint@8.59.2
├── vite@8.0.10
├── vitest@4.1.5
├── webextension-polyfill@0.12.0
└── wrangler@4.78.0

46 packages
exit_status: 0
summary: success
=== evidence_end ===

=== evidence_start ===
executed_at_utc: 2026-05-05T14:17:32Z
command: pnpm run test:packages

> resonote@0.2.3 test:packages /root/src/github.com/ikuradon/Resonote
> vitest run packages/


 RUN  v4.1.5 /root/src/github.com/ikuradon/Resonote

 ✓ packages/core/src/public-api.contract.test.ts (4 tests) 952ms
     ✓ keeps raw relay internals out of the package root  941ms
 ✓ packages/adapter-dexie/src/materialization.contract.test.ts (20 tests) 360ms
 ✓ packages/resonote/src/public-api.contract.test.ts (8 tests) 1321ms
     ✓ exports only the minimal Resonote-specific value allowlist  1296ms
 ✓ packages/runtime/src/public-api.contract.test.ts (4 tests) 1371ms
     ✓ exposes only generic runtime execution values from the package root  1320ms
 ✓ packages/resonote/src/public-read-cutover.contract.test.ts (11 tests) 291ms
 ✓ packages/adapter-dexie/src/public-api.contract.test.ts (3 tests) 186ms
 ✓ packages/runtime/src/cached-read.contract.test.ts (2 tests) 201ms
 ✓ packages/adapter-dexie/src/app-bridge.contract.test.ts (3 tests) 123ms
 ✓ packages/resonote/src/subscription-visibility.contract.test.ts (7 tests) 396ms
 ✓ packages/resonote/src/built-in-plugins.contract.test.ts (7 tests) 172ms
 ✓ packages/runtime/src/subscription-registry.contract.test.ts (7 tests) 203ms
 ✓ packages/core/src/nip98-http-auth.contract.test.ts (4 tests) 124ms
 ✓ packages/runtime/src/event-coordinator.contract.test.ts (28 tests) 204ms
 ✓ packages/runtime/src/relay-session.contract.test.ts (42 tests) 1323ms
 ✓ packages/core/src/nip59-gift-wrap.contract.test.ts (6 tests) 109ms
 ✓ packages/core/src/nip37-draft-wrap.contract.test.ts (4 tests) 93ms
 ✓ packages/runtime/src/relay-repair.contract.test.ts (18 tests) 2146ms
     ✓ chunks multi-id negentropy repair fetches at the canonical 50-id boundary  1383ms
 ✓ packages/adapter-dexie/src/sync-cursors.contract.test.ts (3 tests) 97ms
 ✓ packages/adapter-dexie/src/hot-path.contract.test.ts (4 tests) 118ms
 ✓ packages/adapter-dexie/src/pending-publishes.contract.test.ts (4 tests) 90ms
 ✓ packages/core/src/event-validation.contract.test.ts (3 tests) 139ms
 ✓ packages/adapter-dexie/src/maintenance.contract.test.ts (3 tests) 110ms
 ✓ packages/core/src/nip17-direct-message.contract.test.ts (6 tests) 121ms
 ✓ packages/runtime/src/relay-session-word-guard.contract.test.ts (2 tests) 40ms
 ✓ packages/adapter-dexie/src/schema.contract.test.ts (3 tests) 74ms
 ✓ packages/core/src/nip86-relay-management.contract.test.ts (5 tests) 124ms
 ✓ packages/resonote/src/relay-selection-runtime.contract.test.ts (14 tests) 50ms
 ✓ packages/adapter-dexie/src/relay-capabilities.contract.test.ts (3 tests) 77ms
 ✓ packages/runtime/src/package-boundary.contract.test.ts (2 tests) 28ms
 ✓ packages/runtime/src/publish-queue.contract.test.ts (5 tests) 79ms
 ✓ packages/core/src/reconcile.contract.test.ts (7 tests) 26ms
 ✓ packages/core/src/negentropy-repair.contract.test.ts (3 tests) 21ms
 ✓ packages/adapter-dexie/src/relay-hints.contract.test.ts (1 test) 37ms
 ✓ packages/core/src/request-key.contract.test.ts (3 tests) 23ms
 ✓ packages/core/src/nip53-live-activity.contract.test.ts (7 tests) 16ms
 ✓ packages/resonote/src/relay-routing-publish.contract.test.ts (6 tests) 32ms
 ✓ packages/core/src/nip52-calendar.contract.test.ts (7 tests) 16ms
 ✓ packages/core/src/nipA0-voice-messages.contract.test.ts (4 tests) 17ms
 ✓ packages/runtime/src/hot-event-index.contract.test.ts (7 tests) 14ms
 ✓ packages/core/src/nip28-public-chat.contract.test.ts (5 tests) 16ms
 ✓ packages/resonote/src/local-store-api.contract.test.ts (4 tests) 22ms
 ✓ packages/resonote/src/custom-emoji.contract.test.ts (15 tests) 23ms
 ✓ packages/runtime/src/relay-selection-runtime.contract.test.ts (5 tests) 25ms
 ✓ packages/runtime/src/relay-gateway.contract.test.ts (6 tests) 13ms
 ✓ packages/runtime/src/negentropy-message.contract.test.ts (15 tests) 14ms
 ✓ packages/runtime/src/plugin-api.contract.test.ts (5 tests) 15ms
 ✓ packages/resonote/src/relay-capability-api.contract.test.ts (3 tests) 23ms
 ✓ packages/runtime/src/request-planning.contract.test.ts (5 tests) 32ms
 ✓ packages/runtime/src/negentropy-transport.contract.test.ts (1 test) 28ms
 ✓ packages/core/src/nip27-references.contract.test.ts (4 tests) 14ms
 ✓ packages/core/src/nipA4-public-messages.contract.test.ts (4 tests) 13ms
 ✓ packages/core/src/relay-selection.contract.test.ts (8 tests) 33ms
 ✓ packages/core/src/nip39-external-identity.contract.test.ts (8 tests) 19ms
 ✓ packages/core/src/nip32-label.contract.test.ts (7 tests) 14ms
 ✓ packages/resonote/src/event-ingress.contract.test.ts (3 tests) 15ms
 ✓ packages/core/src/nip85-trusted-assertions.contract.test.ts (4 tests) 11ms
 ✓ packages/core/src/nip38-user-status.contract.test.ts (8 tests) 16ms
 ✓ packages/core/src/relay-capability.contract.test.ts (7 tests) 22ms
 ✓ packages/runtime/src/entity-handles.contract.test.ts (17 tests) 30ms
 ✓ packages/core/src/nip21-uri.contract.test.ts (5 tests) 12ms
 ✓ packages/core/src/nipC0-code-snippets.contract.test.ts (4 tests) 10ms
 ✓ packages/runtime/src/plugin-isolation.contract.test.ts (6 tests) 15ms
 ✓ packages/core/src/nip72-community.contract.test.ts (4 tests) 17ms
 ✓ packages/core/src/nip48-proxy-tags.contract.test.ts (8 tests) 17ms
 ✓ packages/core/src/nip89-application-handlers.contract.test.ts (4 tests) 13ms
 ✓ packages/runtime/src/relay-observation.contract.test.ts (2 tests) 9ms
 ✓ packages/core/src/nipB7-blossom.contract.test.ts (5 tests) 21ms
 ✓ packages/core/src/nip13-proof-of-work.contract.test.ts (5 tests) 9ms
 ✓ packages/core/src/nip43-relay-access.contract.test.ts (5 tests) 15ms
 ✓ packages/core/src/nip71-video.contract.test.ts (3 tests) 14ms
 ✓ packages/core/src/nip92-media-attachments.contract.test.ts (4 tests) 16ms
 ✓ packages/core/src/nip68-picture.contract.test.ts (3 tests) 14ms
 ✓ packages/core/src/nip84-highlight.contract.test.ts (3 tests) 10ms
 ✓ packages/core/src/relay-observation.contract.test.ts (2 tests) 8ms
 ✓ packages/core/src/nip88-polls.contract.test.ts (4 tests) 13ms
 ✓ packages/core/src/nip58-badges.contract.test.ts (6 tests) 13ms
 ✓ packages/core/src/nip46-remote-signing.contract.test.ts (6 tests) 12ms
 ✓ packages/resonote/src/relay-metrics-nip66.contract.test.ts (2 tests) 14ms
 ✓ packages/runtime/src/relay-capability-runtime.contract.test.ts (3 tests) 13ms
 ✓ packages/core/src/module-boundary.contract.test.ts (3 tests) 8ms
 ✓ packages/core/src/nip94-file-metadata.contract.test.ts (4 tests) 10ms
 ✓ packages/core/src/nip55-android-signer.contract.test.ts (6 tests) 8ms
 ✓ packages/core/src/nipC7-chats.contract.test.ts (4 tests) 8ms
 ✓ packages/core/src/nip24-extra-metadata.contract.test.ts (7 tests) 14ms
 ✓ packages/core/src/nip03-open-timestamps.contract.test.ts (4 tests) 12ms
 ✓ packages/core/src/nip51-list.contract.test.ts (8 tests) 20ms
 ✓ packages/core/src/nip14-subject.contract.test.ts (7 tests) 16ms
 ✓ packages/core/src/nip50-search.contract.test.ts (4 tests) 13ms
 ✓ packages/core/src/nip62-request-to-vanish.contract.test.ts (5 tests) 14ms
 ✓ packages/core/src/nip40-expiration.contract.test.ts (3 tests) 8ms
 ✓ packages/core/src/nip23-long-form.contract.test.ts (3 tests) 9ms
 ✓ packages/core/src/nip78-application-data.contract.test.ts (3 tests) 7ms
 ✓ packages/core/src/nip7d-thread.contract.test.ts (4 tests) 8ms
 ✓ packages/runtime/src/relay-hints.contract.test.ts (2 tests) 11ms
 ✓ packages/core/src/nip56-report.contract.test.ts (5 tests) 11ms
 ✓ packages/core/src/publish-settlement.contract.test.ts (5 tests) 7ms
 ✓ packages/runtime/src/relay-lifecycle.contract.test.ts (2 tests) 6ms
 ✓ packages/core/src/read-settlement.contract.test.ts (4 tests) 8ms
 ✓ packages/core/src/nip31-alt.contract.test.ts (4 tests) 9ms
 ✓ packages/runtime/src/materializer-queue.contract.test.ts (2 tests) 6ms
 ✓ packages/core/src/nip36-content-warning.contract.test.ts (4 tests) 6ms
 ✓ packages/resonote/src/degraded-storage.contract.test.ts (1 test) 7ms
 ✓ packages/core/src/request-planning.contract.test.ts (1 test) 5ms
 ✓ packages/runtime/src/relay-capability.contract.test.ts (1 test) 5ms

 Test Files  104 passed (104)
      Tests  594 passed (594)
   Start at  23:17:36
   Duration  10.16s (transform 8.23s, setup 0ms, import 31.61s, tests 11.83s, environment 69ms)

JUNIT report written to /root/src/github.com/ikuradon/Resonote/test-results/junit.xml
exit_status: 0
summary: success
=== evidence_end ===

=== evidence_start ===
executed_at_utc: 2026-05-05T14:17:47Z
command: pnpm run test:auftakt:app-regression

> resonote@0.2.3 test:auftakt:app-regression /root/src/github.com/ikuradon/Resonote
> vitest run src/shared/auftakt/cached-read.test.ts src/shared/browser/profile.svelte.test.ts src/shared/browser/relays.test.ts src/features/comments/ui/comment-view-model.test.ts src/features/notifications/ui/notification-feed-view-model.test.ts src/features/relays/ui/relay-settings-view-model.test.ts src/features/comments/application/comment-actions.test.ts src/features/content-resolution/application/resolve-content.test.ts


 RUN  v4.1.5 /root/src/github.com/ikuradon/Resonote

 ✓ src/features/comments/application/comment-actions.test.ts (35 tests) 23ms
 ✓ src/features/content-resolution/application/resolve-content.test.ts (28 tests) 18ms
 ✓ src/shared/browser/relays.test.ts (17 tests) 14ms
 ✓ src/features/notifications/ui/notification-feed-view-model.test.ts (20 tests) 13ms
 ✓ src/features/relays/ui/relay-settings-view-model.test.ts (34 tests) 24ms
 ✓ src/features/comments/ui/comment-view-model.test.ts (60 tests) 54ms
 ✓ src/shared/browser/profile.svelte.test.ts (14 tests) 81ms
 ✓ src/shared/auftakt/cached-read.test.ts (23 tests) 7038ms
     ✓ returns event with cache-hit settlement on DB cache hit  606ms
     ✓ eventually settles after all async paths complete  603ms
     ✓ event stays null when neither DB nor relay provides data  605ms
     ✓ DB cache miss keeps settlement as settled miss after relay settle  603ms
     ✓ keeps a local cache hit partial until late EOSE settles the relay path  653ms
     ✓ keeps a miss partial until all relays disconnect or complete  655ms
     ✓ returns DB cached event even when DB is slow  605ms
     ✓ handles DB error gracefully (settled miss)  602ms
     ✓ destroy() prevents DB result from updating state  654ms
     ✓ destroy() is safe to call multiple times  607ms
     ✓ exposes reactive getters  603ms

 Test Files  8 passed (8)
      Tests  231 passed (231)
   Start at  23:17:51
   Duration  9.28s (transform 7.21s, setup 0ms, import 9.97s, tests 7.26s, environment 5ms)

JUNIT report written to /root/src/github.com/ikuradon/Resonote/test-results/junit.xml
exit_status: 0
summary: success
=== evidence_end ===

=== evidence_start ===
executed_at_utc: 2026-05-05T14:18:01Z
command: pnpm run check

> resonote@0.2.3 check /root/src/github.com/ikuradon/Resonote
> svelte-kit sync && svelte-check --tsconfig ./tsconfig.json

Loading svelte-check in workspace: /root/src/github.com/ikuradon/Resonote
Getting Svelte diagnostics...

svelte-check found 0 errors and 0 warnings
exit_status: 0
summary: success
=== evidence_end ===
