Scope: all 5 workspace projects
Lockfile is up to date, resolution step is skipped
Progress: resolved 1, reused 0, downloaded 0, added 0
Packages: +316
++++++++++++++++++++++++++++++++++++++++++++++++++++++++++++++++++++++++++++++++
Progress: resolved 316, reused 269, downloaded 44, added 206
Progress: resolved 316, reused 269, downloaded 47, added 316, done

dependencies:
+ @hono/zod-validator 0.7.6
+ @konemono/nostr-login 1.15.2
+ hono 4.12.16

devDependencies:
+ @codecov/vite-plugin 2.0.1
+ @sveltejs/adapter-cloudflare 7.2.8
+ @sveltejs/kit 2.58.0
+ @sveltejs/vite-plugin-svelte 7.0.0
+ @tailwindcss/vite 4.2.2
+ @vitest/coverage-v8 4.1.2
+ eslint-plugin-simple-import-sort 13.0.0
+ nano-staged 1.0.2
+ svelte-check 4.4.5
+ typescript 6.0.3
+ typescript-eslint 8.59.1
+ vite 8.0.10
+ vitest 4.1.2

. prepare$ (svelte-kit sync || echo '') && simple-git-hooks
. prepare: [INFO] Successfully set the pre-commit with command: pnpm nano-staged
. prepare: [INFO] Successfully set all git hooks
. prepare: Done
╭ Warning ─────────────────────────────────────────────────────────────────────╮
│                                                                              │
│   Ignored build scripts: sharp@0.34.5, simple-git-hooks@2.13.1,              │
│   workerd@1.20260317.1.                                                      │
│   Run "pnpm approve-builds" to pick which dependencies should be allowed     │
│   to run scripts.                                                            │
│                                                                              │
╰──────────────────────────────────────────────────────────────────────────────╯
Done in 5.2s using pnpm v10.33.2
