# TypeScript Batch Install and Verification Log

## Scope
- Task: TypeScript / Type Tooling Batch (Task 3)
- Updated packages:
  - typescript: 5.9.3 -> 6.0.3 (range policy: `^6.0.3`)
  - typescript-eslint: 8.57.2 -> 8.59.2
  - svelte-check: 4.4.5 -> 4.4.8
  - @types/node: 25.5.0 -> 25.6.0
  - @types/chrome: 0.1.38 -> 0.1.40

## Install Result
- executed_at_utc: 2026-05-05T13:07:09Z
- command: `pnpm install`
- exit_status: 0
- summary: pass
- key output:
  - `Already up to date`
  - `Done in 5.2s using pnpm v10.33.2`

## Peer / Engine Warning Check
- executed_at_utc: 2026-05-05T13:07:09Z
- source: `pnpm install` output
- peer warnings:
  - `@codecov/vite-plugin@2.0.1` requires `vite@4.x || 5.x || 6.x`, current is `vite@8.0.10`
- engine warnings:
  - none found
- assessment:
  - peer warning is pre-existing and out of Task 3 update scope
  - TypeScript tooling update itself does not introduce new engine warning

## Verification Results (Final)

### check
- executed_at_utc: 2026-05-05T13:07:26Z
- command: `pnpm run check`
- exit_status: 0
- summary: pass
- key output:
  - `svelte-check found 0 errors and 0 warnings`

### lint
- executed_at_utc: 2026-05-05T13:07:49Z
- command: `pnpm run lint`
- exit_status: 0
- summary: pass
- key output:
  - `eslint .` completed successfully

### test:packages
- executed_at_utc: 2026-05-05T13:07:34Z
- command: `pnpm run test:packages`
- exit_status: 0
- summary: pass
- key output:
  - `Test Files 104 passed (104)`
  - `Tests 594 passed (594)`

## Environment-caused Failure History and Re-run
- note:
  - Earlier run in restricted sandbox environment had `spawnSync git EPERM` in tests calling `git ls-files`.
  - Re-run under allowed execution context completed with pass.
- final judgment:
  - Task 3 verification status is PASS based on latest successful run set above.
