Installing dependencies...
E: setgroups 65534 failed - setgroups (1: Operation not permitted)
E: setegid 65534 failed - setegid (22: Invalid argument)
E: seteuid 42 failed - seteuid (22: Invalid argument)
E: setgroups 0 failed - setgroups (1: Operation not permitted)
Ign:1 https://download.docker.com/linux/ubuntu noble InRelease
Ign:2 https://dl.google.com/linux/chrome/deb stable InRelease
Ign:3 https://dl.google.com/linux/chrome-stable/deb stable InRelease
Ign:4 https://ppa.launchpadcontent.net/jgmath2000/et/ubuntu noble InRelease
Ign:5 https://apt.postgresql.org/pub/repos/apt noble-pgdg InRelease
Ign:6 https://pkgs.tailscale.com/stable/ubuntu noble InRelease
Ign:7 http://jp.archive.ubuntu.com/ubuntu noble InRelease
Ign:8 http://jp.archive.ubuntu.com/ubuntu noble-updates InRelease
Ign:9 http://jp.archive.ubuntu.com/ubuntu noble-backports InRelease
Ign:10 http://security.ubuntu.com/ubuntu noble-security InRelease
Ign:11 https://mise.jdx.dev/deb stable InRelease
Ign:1 https://download.docker.com/linux/ubuntu noble InRelease
Ign:2 https://dl.google.com/linux/chrome/deb stable InRelease
Ign:11 https://mise.jdx.dev/deb stable InRelease
Ign:6 https://pkgs.tailscale.com/stable/ubuntu noble InRelease
Ign:10 http://security.ubuntu.com/ubuntu noble-security InRelease
Ign:4 https://ppa.launchpadcontent.net/jgmath2000/et/ubuntu noble InRelease
Ign:5 https://apt.postgresql.org/pub/repos/apt noble-pgdg InRelease
Ign:3 https://dl.google.com/linux/chrome-stable/deb stable InRelease
Ign:7 http://jp.archive.ubuntu.com/ubuntu noble InRelease
Ign:8 http://jp.archive.ubuntu.com/ubuntu noble-updates InRelease
Ign:9 http://jp.archive.ubuntu.com/ubuntu noble-backports InRelease
Ign:1 https://download.docker.com/linux/ubuntu noble InRelease
Ign:11 https://mise.jdx.dev/deb stable InRelease
Ign:2 https://dl.google.com/linux/chrome/deb stable InRelease
Ign:4 https://ppa.launchpadcontent.net/jgmath2000/et/ubuntu noble InRelease
Ign:5 https://apt.postgresql.org/pub/repos/apt noble-pgdg InRelease
Ign:6 https://pkgs.tailscale.com/stable/ubuntu noble InRelease
Ign:7 http://jp.archive.ubuntu.com/ubuntu noble InRelease
Ign:10 http://security.ubuntu.com/ubuntu noble-security InRelease
Ign:3 https://dl.google.com/linux/chrome-stable/deb stable InRelease
Ign:8 http://jp.archive.ubuntu.com/ubuntu noble-updates InRelease
Ign:9 http://jp.archive.ubuntu.com/ubuntu noble-backports InRelease
Err:1 https://download.docker.com/linux/ubuntu noble InRelease
  Temporary failure resolving 'download.docker.com'
Err:11 https://mise.jdx.dev/deb stable InRelease
  Temporary failure resolving 'mise.jdx.dev'
Err:4 https://ppa.launchpadcontent.net/jgmath2000/et/ubuntu noble InRelease
  Temporary failure resolving 'ppa.launchpadcontent.net'
Err:2 https://dl.google.com/linux/chrome/deb stable InRelease
  Temporary failure resolving 'dl.google.com'
Err:5 https://apt.postgresql.org/pub/repos/apt noble-pgdg InRelease
  Temporary failure resolving 'apt.postgresql.org'
Err:7 http://jp.archive.ubuntu.com/ubuntu noble InRelease
  Temporary failure resolving 'jp.archive.ubuntu.com'
Err:10 http://security.ubuntu.com/ubuntu noble-security InRelease
  Temporary failure resolving 'security.ubuntu.com'
Err:6 https://pkgs.tailscale.com/stable/ubuntu noble InRelease
  Temporary failure resolving 'pkgs.tailscale.com'
Err:8 http://jp.archive.ubuntu.com/ubuntu noble-updates InRelease
  Temporary failure resolving 'jp.archive.ubuntu.com'
Err:3 https://dl.google.com/linux/chrome-stable/deb stable InRelease
  Temporary failure resolving 'dl.google.com'
Err:9 http://jp.archive.ubuntu.com/ubuntu noble-backports InRelease
  Temporary failure resolving 'jp.archive.ubuntu.com'
Reading package lists...
W: chown to _apt:root of directory /var/lib/apt/lists/partial failed - SetupAPTPartialDirectory (30: Read-only file system)
W: chmod 0700 of directory /var/lib/apt/lists/partial failed - SetupAPTPartialDirectory (30: Read-only file system)
W: chown to _apt:root of directory /var/lib/apt/lists/auxfiles failed - SetupAPTPartialDirectory (30: Read-only file system)
W: chmod 0755 of directory /var/lib/apt/lists/auxfiles failed - SetupAPTPartialDirectory (30: Read-only file system)
W: Not using locking for read only lock file /var/lib/apt/lists/lock
E: setgroups 65534 failed - setgroups (1: Operation not permitted)
E: setegid 65534 failed - setegid (22: Invalid argument)
E: seteuid 42 failed - seteuid (22: Invalid argument)
W: Download is performed unsandboxed as root as file '/var/lib/apt/lists/partial/download.docker.com_linux_ubuntu_dists_noble_InRelease' couldn't be accessed by user '_apt'. - pkgAcquire::Run (13: Permission denied)
E: setgroups 0 failed - setgroups (1: Operation not permitted)
W: Problem unlinking the file /var/lib/apt/lists/partial/download.docker.com_linux_ubuntu_dists_noble_InRelease - PrepareFiles (13: Permission denied)
W: Problem unlinking the file /var/lib/apt/lists/partial/dl.google.com_linux_chrome_deb_dists_stable_InRelease - PrepareFiles (13: Permission denied)
W: Problem unlinking the file /var/lib/apt/lists/partial/dl.google.com_linux_chrome-stable_deb_dists_stable_InRelease - PrepareFiles (13: Permission denied)
W: Problem unlinking the file /var/lib/apt/lists/partial/ppa.launchpadcontent.net_jgmath2000_et_ubuntu_dists_noble_InRelease - PrepareFiles (13: Permission denied)
W: Problem unlinking the file /var/lib/apt/lists/partial/apt.postgresql.org_pub_repos_apt_dists_noble-pgdg_InRelease - PrepareFiles (13: Permission denied)
W: Problem unlinking the file /var/lib/apt/lists/partial/pkgs.tailscale.com_stable_ubuntu_dists_noble_InRelease - PrepareFiles (13: Permission denied)
W: Problem unlinking the file /var/lib/apt/lists/partial/jp.archive.ubuntu.com_ubuntu_dists_noble_InRelease - PrepareFiles (13: Permission denied)
W: Problem unlinking the file /var/lib/apt/lists/partial/jp.archive.ubuntu.com_ubuntu_dists_noble-updates_InRelease - PrepareFiles (13: Permission denied)
W: Problem unlinking the file /var/lib/apt/lists/partial/jp.archive.ubuntu.com_ubuntu_dists_noble-backports_InRelease - PrepareFiles (13: Permission denied)
W: Problem unlinking the file /var/lib/apt/lists/partial/security.ubuntu.com_ubuntu_dists_noble-security_InRelease - PrepareFiles (13: Permission denied)
W: Problem unlinking the file /var/lib/apt/lists/partial/mise.jdx.dev_deb_dists_stable_InRelease - PrepareFiles (13: Permission denied)
W: Problem unlinking the file /var/lib/apt/lists/partial/download.docker.com_linux_ubuntu_dists_noble_InRelease - PrepareFiles (13: Permission denied)
W: Problem unlinking the file /var/lib/apt/lists/partial/dl.google.com_linux_chrome_deb_dists_stable_InRelease - PrepareFiles (13: Permission denied)
W: Problem unlinking the file /var/lib/apt/lists/partial/mise.jdx.dev_deb_dists_stable_InRelease - PrepareFiles (13: Permission denied)
W: Problem unlinking the file /var/lib/apt/lists/partial/pkgs.tailscale.com_stable_ubuntu_dists_noble_InRelease - PrepareFiles (13: Permission denied)
W: Problem unlinking the file /var/lib/apt/lists/partial/security.ubuntu.com_ubuntu_dists_noble-security_InRelease - PrepareFiles (13: Permission denied)
W: Problem unlinking the file /var/lib/apt/lists/partial/ppa.launchpadcontent.net_jgmath2000_et_ubuntu_dists_noble_InRelease - PrepareFiles (13: Permission denied)
W: Problem unlinking the file /var/lib/apt/lists/partial/apt.postgresql.org_pub_repos_apt_dists_noble-pgdg_InRelease - PrepareFiles (13: Permission denied)
W: Problem unlinking the file /var/lib/apt/lists/partial/dl.google.com_linux_chrome-stable_deb_dists_stable_InRelease - PrepareFiles (13: Permission denied)
W: Problem unlinking the file /var/lib/apt/lists/partial/jp.archive.ubuntu.com_ubuntu_dists_noble_InRelease - PrepareFiles (13: Permission denied)
W: Problem unlinking the file /var/lib/apt/lists/partial/jp.archive.ubuntu.com_ubuntu_dists_noble-updates_InRelease - PrepareFiles (13: Permission denied)
W: Problem unlinking the file /var/lib/apt/lists/partial/jp.archive.ubuntu.com_ubuntu_dists_noble-backports_InRelease - PrepareFiles (13: Permission denied)
W: Problem unlinking the file /var/lib/apt/lists/partial/download.docker.com_linux_ubuntu_dists_noble_InRelease - PrepareFiles (13: Permission denied)
W: Problem unlinking the file /var/lib/apt/lists/partial/mise.jdx.dev_deb_dists_stable_InRelease - PrepareFiles (13: Permission denied)
W: Problem unlinking the file /var/lib/apt/lists/partial/dl.google.com_linux_chrome_deb_dists_stable_InRelease - PrepareFiles (13: Permission denied)
W: Problem unlinking the file /var/lib/apt/lists/partial/ppa.launchpadcontent.net_jgmath2000_et_ubuntu_dists_noble_InRelease - PrepareFiles (13: Permission denied)
W: Problem unlinking the file /var/lib/apt/lists/partial/apt.postgresql.org_pub_repos_apt_dists_noble-pgdg_InRelease - PrepareFiles (13: Permission denied)
W: Problem unlinking the file /var/lib/apt/lists/partial/pkgs.tailscale.com_stable_ubuntu_dists_noble_InRelease - PrepareFiles (13: Permission denied)
W: Problem unlinking the file /var/lib/apt/lists/partial/jp.archive.ubuntu.com_ubuntu_dists_noble_InRelease - PrepareFiles (13: Permission denied)
W: Problem unlinking the file /var/lib/apt/lists/partial/security.ubuntu.com_ubuntu_dists_noble-security_InRelease - PrepareFiles (13: Permission denied)
W: Problem unlinking the file /var/lib/apt/lists/partial/dl.google.com_linux_chrome-stable_deb_dists_stable_InRelease - PrepareFiles (13: Permission denied)
W: Problem unlinking the file /var/lib/apt/lists/partial/jp.archive.ubuntu.com_ubuntu_dists_noble-updates_InRelease - PrepareFiles (13: Permission denied)
W: Problem unlinking the file /var/lib/apt/lists/partial/jp.archive.ubuntu.com_ubuntu_dists_noble-backports_InRelease - PrepareFiles (13: Permission denied)
W: Problem unlinking the file /var/lib/apt/lists/partial/download.docker.com_linux_ubuntu_dists_noble_InRelease - PrepareFiles (13: Permission denied)
W: Problem unlinking the file /var/lib/apt/lists/partial/mise.jdx.dev_deb_dists_stable_InRelease - PrepareFiles (13: Permission denied)
W: Problem unlinking the file /var/lib/apt/lists/partial/ppa.launchpadcontent.net_jgmath2000_et_ubuntu_dists_noble_InRelease - PrepareFiles (13: Permission denied)
W: Problem unlinking the file /var/lib/apt/lists/partial/dl.google.com_linux_chrome_deb_dists_stable_InRelease - PrepareFiles (13: Permission denied)
W: Problem unlinking the file /var/lib/apt/lists/partial/apt.postgresql.org_pub_repos_apt_dists_noble-pgdg_InRelease - PrepareFiles (13: Permission denied)
W: Problem unlinking the file /var/lib/apt/lists/partial/jp.archive.ubuntu.com_ubuntu_dists_noble_InRelease - PrepareFiles (13: Permission denied)
W: Problem unlinking the file /var/lib/apt/lists/partial/security.ubuntu.com_ubuntu_dists_noble-security_InRelease - PrepareFiles (13: Permission denied)
W: Problem unlinking the file /var/lib/apt/lists/partial/pkgs.tailscale.com_stable_ubuntu_dists_noble_InRelease - PrepareFiles (13: Permission denied)
W: Problem unlinking the file /var/lib/apt/lists/partial/jp.archive.ubuntu.com_ubuntu_dists_noble-updates_InRelease - PrepareFiles (13: Permission denied)
W: Problem unlinking the file /var/lib/apt/lists/partial/dl.google.com_linux_chrome-stable_deb_dists_stable_InRelease - PrepareFiles (13: Permission denied)
W: Problem unlinking the file /var/lib/apt/lists/partial/jp.archive.ubuntu.com_ubuntu_dists_noble-backports_InRelease - PrepareFiles (13: Permission denied)
W: Problem unlinking the file /var/cache/apt/pkgcache.bin - RemoveCaches (30: Read-only file system)
W: Problem unlinking the file /var/cache/apt/srcpkgcache.bin - RemoveCaches (30: Read-only file system)
Failed to install browsers
Error: Installation process exited with code: 100
Installing dependencies...
Hit:1 https://mise.jdx.dev/deb stable InRelease
Get:2 https://dl.google.com/linux/chrome/deb stable InRelease [1825 B]
Get:3 https://pkgs.tailscale.com/stable/ubuntu noble InRelease
Get:4 https://dl.google.com/linux/chrome-stable/deb stable InRelease [1825 B]
Get:5 https://download.docker.com/linux/ubuntu noble InRelease [48.5 kB]
Get:6 https://dl.google.com/linux/chrome/deb stable/main amd64 Packages [1218 B]
Get:7 http://security.ubuntu.com/ubuntu noble-security InRelease [126 kB]
Get:8 https://dl.google.com/linux/chrome-stable/deb stable/main amd64 Packages [1218 B]
Hit:9 http://jp.archive.ubuntu.com/ubuntu noble InRelease
Get:10 http://security.ubuntu.com/ubuntu noble-security/main amd64 Packages [1661 kB]
Get:11 http://security.ubuntu.com/ubuntu noble-security/main Translation-en [262 kB]
Get:12 http://security.ubuntu.com/ubuntu noble-security/main amd64 Components [21.9 kB]
Get:13 http://security.ubuntu.com/ubuntu noble-security/main amd64 c-n-f Metadata [11.0 kB]
Get:14 http://security.ubuntu.com/ubuntu noble-security/restricted amd64 Packages [2929 kB]
Get:15 http://jp.archive.ubuntu.com/ubuntu noble-updates InRelease [126 kB]
Get:16 http://security.ubuntu.com/ubuntu noble-security/restricted Translation-en [682 kB]
Get:17 http://security.ubuntu.com/ubuntu noble-security/universe amd64 Packages [1183 kB]
Get:18 http://security.ubuntu.com/ubuntu noble-security/universe Translation-en [227 kB]
Get:19 http://security.ubuntu.com/ubuntu noble-security/universe amd64 Components [74.2 kB]
Get:20 http://security.ubuntu.com/ubuntu noble-security/universe amd64 c-n-f Metadata [23.1 kB]
Hit:21 https://apt.postgresql.org/pub/repos/apt noble-pgdg InRelease
Get:22 http://jp.archive.ubuntu.com/ubuntu noble-backports InRelease [126 kB]
Get:23 http://jp.archive.ubuntu.com/ubuntu noble-updates/main amd64 Packages [1962 kB]
Get:24 http://jp.archive.ubuntu.com/ubuntu noble-updates/main Translation-en [349 kB]
Get:25 http://jp.archive.ubuntu.com/ubuntu noble-updates/main amd64 Components [177 kB]
Get:26 http://jp.archive.ubuntu.com/ubuntu noble-updates/main amd64 c-n-f Metadata [17.1 kB]
Get:27 http://jp.archive.ubuntu.com/ubuntu noble-updates/restricted amd64 Packages [3116 kB]
Get:28 http://jp.archive.ubuntu.com/ubuntu noble-updates/restricted Translation-en [718 kB]
Get:29 http://jp.archive.ubuntu.com/ubuntu noble-updates/universe amd64 Packages [1685 kB]
Get:30 http://jp.archive.ubuntu.com/ubuntu noble-updates/universe Translation-en [325 kB]
Get:31 http://jp.archive.ubuntu.com/ubuntu noble-updates/universe amd64 Components [386 kB]
Get:32 http://jp.archive.ubuntu.com/ubuntu noble-updates/universe amd64 c-n-f Metadata [34.5 kB]
Get:33 http://jp.archive.ubuntu.com/ubuntu noble-updates/multiverse amd64 Components [940 B]
Get:34 http://jp.archive.ubuntu.com/ubuntu noble-backports/main amd64 Components [5780 B]
Get:35 http://jp.archive.ubuntu.com/ubuntu noble-backports/universe amd64 Components [10.5 kB]
Hit:36 https://ppa.launchpadcontent.net/jgmath2000/et/ubuntu noble InRelease
Fetched 16.3 MB in 7s (2174 kB/s)
Reading package lists...
Reading package lists...
Building dependency tree...
Reading state information...
libasound2t64 is already the newest version (1.2.11-1ubuntu0.2).
libatk-bridge2.0-0t64 is already the newest version (2.52.0-1build1).
libatk1.0-0t64 is already the newest version (2.52.0-1build1).
libatspi2.0-0t64 is already the newest version (2.52.0-1build1).
libcairo2 is already the newest version (1.18.0-3build1).
libcups2t64 is already the newest version (2.4.7-1.2ubuntu7.9).
libdbus-1-3 is already the newest version (1.14.10-4ubuntu4.1).
libdrm2 is already the newest version (2.4.125-1ubuntu0.1~24.04.1).
libgbm1 is already the newest version (25.2.8-0ubuntu0.24.04.1).
libglib2.0-0t64 is already the newest version (2.80.0-6ubuntu3.8).
libnspr4 is already the newest version (2:4.35-1.1build1).
libnss3 is already the newest version (2:3.98-1ubuntu0.1).
libpango-1.0-0 is already the newest version (1.52.1+ds-1build1).
libx11-6 is already the newest version (2:1.8.7-1build1).
libxcb1 is already the newest version (1.15-1ubuntu2).
libxcomposite1 is already the newest version (1:0.4.5-1build3).
libxdamage1 is already the newest version (1:1.1.6-1build1).
libxext6 is already the newest version (2:1.3.4-1build2).
libxfixes3 is already the newest version (1:6.0.0-2build1).
libxkbcommon0 is already the newest version (1.6.0-1build1).
libxrandr2 is already the newest version (2:1.5.2-2build1).
xvfb is already the newest version (2:21.1.12-1ubuntu1.5).
fonts-noto-color-emoji is already the newest version (2.047-0ubuntu0.24.04.1).
fonts-unifont is already the newest version (1:15.1.01-1build1).
libfontconfig1 is already the newest version (2.15.0-1.1ubuntu2).
libfreetype6 is already the newest version (2.13.2+dfsg-1ubuntu0.1).
xfonts-cyrillic is already the newest version (1:1.0.5+nmu1).
xfonts-scalable is already the newest version (1:1.0.3-1.3).
fonts-liberation is already the newest version (1:2.1.5-3).
fonts-ipafont-gothic is already the newest version (00303-21ubuntu1).
fonts-wqy-zenhei is already the newest version (0.9.45-8).
fonts-tlwg-loma-otf is already the newest version (1:0.7.3-1).
fonts-freefont-ttf is already the newest version (20211204+svn4273-2).
0 upgraded, 0 newly installed, 0 to remove and 1 not upgraded.
